====
Starting job 4750393 at Mon 17 Jan 21:19:58 GMT 2022 for user dc-wils7.
Running on nodes: m5387
====
DRYRUN SET TO BE --dryrun

Environment:

Code: /cosma/home/durham/dc-wils7/DESI/
Gold output dir.: /cosma5/data/durham/dc-wils7/GAMA4/
Randoms output dir: /cosma5/data/durham/dc-wils7/GAMA4/randoms/
WARNING: VerifyWarning: Keyword name 'DDP1_ZMIN' is greater than 8 characters or contains characters not allowed by the FITS standard; a HIERARCH card will be created. [astropy.io.fits.card]
WARNING: VerifyWarning: Keyword name 'DDP1_ZMAX' is greater than 8 characters or contains characters not allowed by the FITS standard; a HIERARCH card will be created. [astropy.io.fits.card]
WARNING: VerifyWarning: Keyword name 'DDP1_NGAL' is greater than 8 characters or contains characters not allowed by the FITS standard; a HIERARCH card will be created. [astropy.io.fits.card]
WARNING: VerifyWarning: Keyword name 'DDP1_DENS' is greater than 8 characters or contains characters not allowed by the FITS standard; a HIERARCH card will be created. [astropy.io.fits.card]
WARNING: VerifyWarning: Keyword name 'DDP2_ZMIN' is greater than 8 characters or contains characters not allowed by the FITS standard; a HIERARCH card will be created. [astropy.io.fits.card]
WARNING: VerifyWarning: Keyword name 'DDP2_ZMAX' is greater than 8 characters or contains characters not allowed by the FITS standard; a HIERARCH card will be created. [astropy.io.fits.card]
WARNING: VerifyWarning: Keyword name 'DDP2_NGAL' is greater than 8 characters or contains characters not allowed by the FITS standard; a HIERARCH card will be created. [astropy.io.fits.card]
WARNING: VerifyWarning: Keyword name 'DDP2_DENS' is greater than 8 characters or contains characters not allowed by the FITS standard; a HIERARCH card will be created. [astropy.io.fits.card]
WARNING: VerifyWarning: Keyword name 'DDP3_ZMIN' is greater than 8 characters or contains characters not allowed by the FITS standard; a HIERARCH card will be created. [astropy.io.fits.card]
WARNING: VerifyWarning: Keyword name 'DDP3_ZMAX' is greater than 8 characters or contains characters not allowed by the FITS standard; a HIERARCH card will be created. [astropy.io.fits.card]
WARNING: VerifyWarning: Keyword name 'DDP3_NGAL' is greater than 8 characters or contains characters not allowed by the FITS standard; a HIERARCH card will be created. [astropy.io.fits.card]
WARNING: VerifyWarning: Keyword name 'DDP3_DENS' is greater than 8 characters or contains characters not allowed by the FITS standard; a HIERARCH card will be created. [astropy.io.fits.card]
WARNING: VerifyWarning: Keyword name 'D8_LIMITS' is greater than 8 characters or contains characters not allowed by the FITS standard; a HIERARCH card will be created. [astropy.io.fits.card]
WARNING: Attribute `D8_LIMITS` of type <class 'list'> cannot be added to FITS Header - skipping [astropy.io.fits.convenience]
WARNING: VerifyWarning: Keyword name 'DDP1_ZMIN' is greater than 8 characters or contains characters not allowed by the FITS standard; a HIERARCH card will be created. [astropy.io.fits.card]
WARNING: VerifyWarning: Keyword name 'DDP1_ZMAX' is greater than 8 characters or contains characters not allowed by the FITS standard; a HIERARCH card will be created. [astropy.io.fits.card]
WARNING: VerifyWarning: Keyword name 'DDP1_NGAL' is greater than 8 characters or contains characters not allowed by the FITS standard; a HIERARCH card will be created. [astropy.io.fits.card]
WARNING: VerifyWarning: Keyword name 'DDP1_DENS' is greater than 8 characters or contains characters not allowed by the FITS standard; a HIERARCH card will be created. [astropy.io.fits.card]
WARNING: VerifyWarning: Keyword name 'DDP2_ZMIN' is greater than 8 characters or contains characters not allowed by the FITS standard; a HIERARCH card will be created. [astropy.io.fits.card]
WARNING: VerifyWarning: Keyword name 'DDP2_ZMAX' is greater than 8 characters or contains characters not allowed by the FITS standard; a HIERARCH card will be created. [astropy.io.fits.card]
WARNING: VerifyWarning: Keyword name 'DDP2_NGAL' is greater than 8 characters or contains characters not allowed by the FITS standard; a HIERARCH card will be created. [astropy.io.fits.card]
WARNING: VerifyWarning: Keyword name 'DDP2_DENS' is greater than 8 characters or contains characters not allowed by the FITS standard; a HIERARCH card will be created. [astropy.io.fits.card]
WARNING: VerifyWarning: Keyword name 'DDP3_ZMIN' is greater than 8 characters or contains characters not allowed by the FITS standard; a HIERARCH card will be created. [astropy.io.fits.card]
WARNING: VerifyWarning: Keyword name 'DDP3_ZMAX' is greater than 8 characters or contains characters not allowed by the FITS standard; a HIERARCH card will be created. [astropy.io.fits.card]
WARNING: VerifyWarning: Keyword name 'DDP3_NGAL' is greater than 8 characters or contains characters not allowed by the FITS standard; a HIERARCH card will be created. [astropy.io.fits.card]
WARNING: VerifyWarning: Keyword name 'DDP3_DENS' is greater than 8 characters or contains characters not allowed by the FITS standard; a HIERARCH card will be created. [astropy.io.fits.card]
WARNING: VerifyWarning: Keyword name 'D8_LIMITS' is greater than 8 characters or contains characters not allowed by the FITS standard; a HIERARCH card will be created. [astropy.io.fits.card]
WARNING: Attribute `D8_LIMITS` of type <class 'list'> cannot be added to FITS Header - skipping [astropy.io.fits.convenience]
WARNING: VerifyWarning: Keyword name 'DDP1_ZMIN' is greater than 8 characters or contains characters not allowed by the FITS standard; a HIERARCH card will be created. [astropy.io.fits.card]
WARNING: VerifyWarning: Keyword name 'DDP1_ZMAX' is greater than 8 characters or contains characters not allowed by the FITS standard; a HIERARCH card will be created. [astropy.io.fits.card]
WARNING: VerifyWarning: Keyword name 'DDP1_NGAL' is greater than 8 characters or contains characters not allowed by the FITS standard; a HIERARCH card will be created. [astropy.io.fits.card]
WARNING: VerifyWarning: Keyword name 'DDP1_DENS' is greater than 8 characters or contains characters not allowed by the FITS standard; a HIERARCH card will be created. [astropy.io.fits.card]
WARNING: VerifyWarning: Keyword name 'DDP2_ZMIN' is greater than 8 characters or contains characters not allowed by the FITS standard; a HIERARCH card will be created. [astropy.io.fits.card]
WARNING: VerifyWarning: Keyword name 'DDP2_ZMAX' is greater than 8 characters or contains characters not allowed by the FITS standard; a HIERARCH card will be created. [astropy.io.fits.card]
WARNING: VerifyWarning: Keyword name 'DDP2_NGAL' is greater than 8 characters or contains characters not allowed by the FITS standard; a HIERARCH card will be created. [astropy.io.fits.card]
WARNING: VerifyWarning: Keyword name 'DDP2_DENS' is greater than 8 characters or contains characters not allowed by the FITS standard; a HIERARCH card will be created. [astropy.io.fits.card]
WARNING: VerifyWarning: Keyword name 'DDP3_ZMIN' is greater than 8 characters or contains characters not allowed by the FITS standard; a HIERARCH card will be created. [astropy.io.fits.card]
WARNING: VerifyWarning: Keyword name 'DDP3_ZMAX' is greater than 8 characters or contains characters not allowed by the FITS standard; a HIERARCH card will be created. [astropy.io.fits.card]
WARNING: VerifyWarning: Keyword name 'DDP3_NGAL' is greater than 8 characters or contains characters not allowed by the FITS standard; a HIERARCH card will be created. [astropy.io.fits.card]
WARNING: VerifyWarning: Keyword name 'DDP3_DENS' is greater than 8 characters or contains characters not allowed by the FITS standard; a HIERARCH card will be created. [astropy.io.fits.card]
WARNING: VerifyWarning: Keyword name 'D8_LIMITS' is greater than 8 characters or contains characters not allowed by the FITS standard; a HIERARCH card will be created. [astropy.io.fits.card]
WARNING: Attribute `D8_LIMITS` of type <class 'list'> cannot be added to FITS Header - skipping [astropy.io.fits.convenience]
Running gen_gold_lf.py; logging to logs/gama_lumfn_d8_G9/12/15.log
Traceback (most recent call last):
  File "/cosma/home/durham/dc-wils7/DESI/gen_gold_lf.py", line 139, in <module>
    process_cat(ddp_fpath, ddp_opath, field=field)
  File "/cosma/home/durham/dc-wils7/DESI/gen_gold_lf.py", line 23, in process_cat
    gama_zmax = Table.read(fpath)
  File "/cosma/home/durham/dc-wils7/.local/lib/python3.9/site-packages/astropy/table/connect.py", line 62, in __call__
    out = self.registry.read(cls, *args, **kwargs)
  File "/cosma/home/durham/dc-wils7/.local/lib/python3.9/site-packages/astropy/io/registry/core.py", line 184, in read
    fileobj = ctx.__enter__()
  File "/cosma/home/durham/dc-wils7/.conda/envs/lumfn/lib/python3.9/contextlib.py", line 119, in __enter__
    return next(self.gen)
  File "/cosma/home/durham/dc-wils7/.local/lib/python3.9/site-packages/astropy/utils/data.py", line 271, in get_readable_fileobj
    fileobj = io.FileIO(name_or_obj, 'r')
FileNotFoundError: [Errno 2] No such file or directory: '/cosma5/data/durham/dc-wils7/GAMA4//gama_gold_G9_ddp_n8_d0_3_dryrun.fits'
Traceback (most recent call last):
  File "/cosma/home/durham/dc-wils7/DESI/gen_gold_lf.py", line 139, in <module>
    process_cat(ddp_fpath, ddp_opath, field=field)
  File "/cosma/home/durham/dc-wils7/DESI/gen_gold_lf.py", line 23, in process_cat
    gama_zmax = Table.read(fpath)
  File "/cosma/home/durham/dc-wils7/.local/lib/python3.9/site-packages/astropy/table/connect.py", line 62, in __call__
    out = self.registry.read(cls, *args, **kwargs)
  File "/cosma/home/durham/dc-wils7/.local/lib/python3.9/site-packages/astropy/io/registry/core.py", line 184, in read
    fileobj = ctx.__enter__()
  File "/cosma/home/durham/dc-wils7/.conda/envs/lumfn/lib/python3.9/contextlib.py", line 119, in __enter__
    return next(self.gen)
  File "/cosma/home/durham/dc-wils7/.local/lib/python3.9/site-packages/astropy/utils/data.py", line 271, in get_readable_fileobj
    fileobj = io.FileIO(name_or_obj, 'r')
FileNotFoundError: [Errno 2] No such file or directory: '/cosma5/data/durham/dc-wils7/GAMA4//gama_gold_G12_ddp_n8_d0_3_dryrun.fits'
Traceback (most recent call last):
  File "/cosma/home/durham/dc-wils7/DESI/gen_gold_lf.py", line 139, in <module>
    process_cat(ddp_fpath, ddp_opath, field=field)
  File "/cosma/home/durham/dc-wils7/DESI/gen_gold_lf.py", line 23, in process_cat
    gama_zmax = Table.read(fpath)
  File "/cosma/home/durham/dc-wils7/.local/lib/python3.9/site-packages/astropy/table/connect.py", line 62, in __call__
    out = self.registry.read(cls, *args, **kwargs)
  File "/cosma/home/durham/dc-wils7/.local/lib/python3.9/site-packages/astropy/io/registry/core.py", line 184, in read
    fileobj = ctx.__enter__()
  File "/cosma/home/durham/dc-wils7/.conda/envs/lumfn/lib/python3.9/contextlib.py", line 119, in __enter__
    return next(self.gen)
  File "/cosma/home/durham/dc-wils7/.local/lib/python3.9/site-packages/astropy/utils/data.py", line 271, in get_readable_fileobj
    fileobj = io.FileIO(name_or_obj, 'r')
FileNotFoundError: [Errno 2] No such file or directory: '/cosma5/data/durham/dc-wils7/GAMA4//gama_gold_G15_ddp_n8_d0_3_dryrun.fits'

Done.
