====
Starting job 4803950 at Fri 21 Jan 09:50:32 GMT 2022 for user dc-wils7.
Running on nodes: m5155
====
FIELD SET TO BE G9
DRYRUN SET TO BE --dryrun

Environment:

Code: /cosma/home/durham/dc-wils7/DESI/
Gold output dir.: /cosma/home/durham/dc-wils7/data/GAMA4/
Randoms output dir: /cosma/home/durham/dc-wils7/data/GAMA4/randoms/
Running randoms ddp pipeline for field G9
Generating DDP randoms.
/cosma/home/durham/dc-wils7/data/GAMA4//gama_gold_ddp_dryrun.fits does not exist.
====
Starting job 4803951 at Fri 21 Jan 09:50:35 GMT 2022 for user dc-wils7.
Running on nodes: m5155
====
FIELD SET TO BE G12
DRYRUN SET TO BE --dryrun

Environment:

Code: /cosma/home/durham/dc-wils7/DESI/
Gold output dir.: /cosma/home/durham/dc-wils7/data/GAMA4/
Randoms output dir: /cosma/home/durham/dc-wils7/data/GAMA4/randoms/
Running randoms ddp pipeline for field G12
Generating DDP randoms.
/cosma/home/durham/dc-wils7/data/GAMA4//gama_gold_ddp_dryrun.fits does not exist.
====
Starting job 4803952 at Fri 21 Jan 09:50:38 GMT 2022 for user dc-wils7.
Running on nodes: m5155
====
FIELD SET TO BE G15
DRYRUN SET TO BE --dryrun

Environment:

Code: /cosma/home/durham/dc-wils7/DESI/
Gold output dir.: /cosma/home/durham/dc-wils7/data/GAMA4/
Randoms output dir: /cosma/home/durham/dc-wils7/data/GAMA4/randoms/
Running randoms ddp pipeline for field G15
Generating DDP randoms.
/cosma/home/durham/dc-wils7/data/GAMA4//gama_gold_ddp_dryrun.fits does not exist.
