
Environment:

Code: /global/homes/m/mjwilson/desi/BGS/Sam/DESI/
Gold output dir.: /global/cscratch1/sd/mjwilson/norberg/GAMA4/
Randoms output dir: /global/cscratch1/sd/mjwilson/norberg/GAMA4/randoms/
Running gold pipeline
/global/common/software/desi/cori/desiconda/20200801-1.4.0-spec/conda/lib/python3.8/site-packages/numpy/core/fromnumeric.py:748: UserWarning: Warning: 'partition' will ignore the 'mask' of the MaskedColumn.
  a.partition(kth, axis=axis, kind=kind, order=order)
WARNING: VerifyWarning: Keyword name 'DDP1_ZMIN' is greater than 8 characters or contains characters not allowed by the FITS standard; a HIERARCH card will be created. [astropy.io.fits.card]
WARNING: VerifyWarning: Keyword name 'DDP1_ZMAX' is greater than 8 characters or contains characters not allowed by the FITS standard; a HIERARCH card will be created. [astropy.io.fits.card]
WARNING: VerifyWarning: Keyword name 'DDP1_NGAL' is greater than 8 characters or contains characters not allowed by the FITS standard; a HIERARCH card will be created. [astropy.io.fits.card]
WARNING: VerifyWarning: Keyword name 'DDP1_DENS' is greater than 8 characters or contains characters not allowed by the FITS standard; a HIERARCH card will be created. [astropy.io.fits.card]
WARNING: VerifyWarning: Keyword name 'DDP2_ZMIN' is greater than 8 characters or contains characters not allowed by the FITS standard; a HIERARCH card will be created. [astropy.io.fits.card]
WARNING: VerifyWarning: Keyword name 'DDP2_ZMAX' is greater than 8 characters or contains characters not allowed by the FITS standard; a HIERARCH card will be created. [astropy.io.fits.card]
WARNING: VerifyWarning: Keyword name 'DDP2_NGAL' is greater than 8 characters or contains characters not allowed by the FITS standard; a HIERARCH card will be created. [astropy.io.fits.card]
WARNING: VerifyWarning: Keyword name 'DDP2_DENS' is greater than 8 characters or contains characters not allowed by the FITS standard; a HIERARCH card will be created. [astropy.io.fits.card]
WARNING: VerifyWarning: Keyword name 'DDP3_ZMIN' is greater than 8 characters or contains characters not allowed by the FITS standard; a HIERARCH card will be created. [astropy.io.fits.card]
WARNING: VerifyWarning: Keyword name 'DDP3_ZMAX' is greater than 8 characters or contains characters not allowed by the FITS standard; a HIERARCH card will be created. [astropy.io.fits.card]
WARNING: VerifyWarning: Keyword name 'DDP3_NGAL' is greater than 8 characters or contains characters not allowed by the FITS standard; a HIERARCH card will be created. [astropy.io.fits.card]
WARNING: VerifyWarning: Keyword name 'DDP3_DENS' is greater than 8 characters or contains characters not allowed by the FITS standard; a HIERARCH card will be created. [astropy.io.fits.card]
/global/common/software/desi/cori/desiconda/20200801-1.4.0-spec/conda/lib/python3.8/site-packages/astropy/cosmology/core.py:1250: IntegrationWarning: The occurrence of roundoff error is detected, which prevents 
  the requested tolerance from being achieved.  The error may be 
  underestimated.
  f = lambda z1, z2: quad(self._inv_efunc_scalar, z1, z2,
/global/common/software/desi/cori/desiconda/20200801-1.4.0-spec/conda/lib/python3.8/site-packages/numpy/lib/function_base.py:2192: RuntimeWarning: invalid value encountered in ? (vectorized)
  outputs = ufunc(*inputs)
WARNING: VerifyWarning: Keyword name 'FORCE_ZMIN' is greater than 8 characters or contains characters not allowed by the FITS standard; a HIERARCH card will be created. [astropy.io.fits.card]
WARNING: VerifyWarning: Keyword name 'FORCE_ZMAX' is greater than 8 characters or contains characters not allowed by the FITS standard; a HIERARCH card will be created. [astropy.io.fits.card]
/global/common/software/desi/cori/desiconda/20200801-1.4.0-spec/conda/lib/python3.8/site-packages/numpy/core/fromnumeric.py:3370: RuntimeWarning: Mean of empty slice.
  return mean(axis=axis, dtype=dtype, out=out, **kwargs)
/global/common/software/desi/cori/desiconda/20200801-1.4.0-spec/conda/lib/python3.8/site-packages/numpy/core/_methods.py:170: RuntimeWarning: invalid value encountered in double_scalars
  ret = ret.dtype.type(ret / rcount)
/global/common/software/desi/cori/desiconda/20200801-1.4.0-spec/conda/lib/python3.8/site-packages/numpy/core/fromnumeric.py:3372: RuntimeWarning: Mean of empty slice.
  return _methods._mean(a, axis=axis, dtype=dtype,
WARNING: VerifyWarning: Keyword name 'DDP1_ZMIN' is greater than 8 characters or contains characters not allowed by the FITS standard; a HIERARCH card will be created. [astropy.io.fits.card]
WARNING: VerifyWarning: Keyword name 'DDP1_ZMAX' is greater than 8 characters or contains characters not allowed by the FITS standard; a HIERARCH card will be created. [astropy.io.fits.card]
WARNING: VerifyWarning: Keyword name 'DDP1_NGAL' is greater than 8 characters or contains characters not allowed by the FITS standard; a HIERARCH card will be created. [astropy.io.fits.card]
WARNING: VerifyWarning: Keyword name 'DDP1_DENS' is greater than 8 characters or contains characters not allowed by the FITS standard; a HIERARCH card will be created. [astropy.io.fits.card]
WARNING: VerifyWarning: Keyword name 'DDP2_ZMIN' is greater than 8 characters or contains characters not allowed by the FITS standard; a HIERARCH card will be created. [astropy.io.fits.card]
WARNING: VerifyWarning: Keyword name 'DDP2_ZMAX' is greater than 8 characters or contains characters not allowed by the FITS standard; a HIERARCH card will be created. [astropy.io.fits.card]
WARNING: VerifyWarning: Keyword name 'DDP2_NGAL' is greater than 8 characters or contains characters not allowed by the FITS standard; a HIERARCH card will be created. [astropy.io.fits.card]
WARNING: VerifyWarning: Keyword name 'DDP2_DENS' is greater than 8 characters or contains characters not allowed by the FITS standard; a HIERARCH card will be created. [astropy.io.fits.card]
WARNING: VerifyWarning: Keyword name 'DDP3_ZMIN' is greater than 8 characters or contains characters not allowed by the FITS standard; a HIERARCH card will be created. [astropy.io.fits.card]
WARNING: VerifyWarning: Keyword name 'DDP3_ZMAX' is greater than 8 characters or contains characters not allowed by the FITS standard; a HIERARCH card will be created. [astropy.io.fits.card]
WARNING: VerifyWarning: Keyword name 'DDP3_NGAL' is greater than 8 characters or contains characters not allowed by the FITS standard; a HIERARCH card will be created. [astropy.io.fits.card]
WARNING: VerifyWarning: Keyword name 'DDP3_DENS' is greater than 8 characters or contains characters not allowed by the FITS standard; a HIERARCH card will be created. [astropy.io.fits.card]
gen_ddp_n8.py:114: DeprecationWarning: elementwise comparison failed; this will raise an error in the future.
  if not np.all(utiers == np.arange(4)):
WARNING: VerifyWarning: Keyword name 'DDP1_ZMIN' is greater than 8 characters or contains characters not allowed by the FITS standard; a HIERARCH card will be created. [astropy.io.fits.card]
WARNING: VerifyWarning: Keyword name 'DDP1_ZMAX' is greater than 8 characters or contains characters not allowed by the FITS standard; a HIERARCH card will be created. [astropy.io.fits.card]
WARNING: VerifyWarning: Keyword name 'DDP1_NGAL' is greater than 8 characters or contains characters not allowed by the FITS standard; a HIERARCH card will be created. [astropy.io.fits.card]
WARNING: VerifyWarning: Keyword name 'DDP1_DENS' is greater than 8 characters or contains characters not allowed by the FITS standard; a HIERARCH card will be created. [astropy.io.fits.card]
WARNING: VerifyWarning: Keyword name 'DDP2_ZMIN' is greater than 8 characters or contains characters not allowed by the FITS standard; a HIERARCH card will be created. [astropy.io.fits.card]
WARNING: VerifyWarning: Keyword name 'DDP2_ZMAX' is greater than 8 characters or contains characters not allowed by the FITS standard; a HIERARCH card will be created. [astropy.io.fits.card]
WARNING: VerifyWarning: Keyword name 'DDP2_NGAL' is greater than 8 characters or contains characters not allowed by the FITS standard; a HIERARCH card will be created. [astropy.io.fits.card]
WARNING: VerifyWarning: Keyword name 'DDP2_DENS' is greater than 8 characters or contains characters not allowed by the FITS standard; a HIERARCH card will be created. [astropy.io.fits.card]
WARNING: VerifyWarning: Keyword name 'DDP3_ZMIN' is greater than 8 characters or contains characters not allowed by the FITS standard; a HIERARCH card will be created. [astropy.io.fits.card]
WARNING: VerifyWarning: Keyword name 'DDP3_ZMAX' is greater than 8 characters or contains characters not allowed by the FITS standard; a HIERARCH card will be created. [astropy.io.fits.card]
WARNING: VerifyWarning: Keyword name 'DDP3_NGAL' is greater than 8 characters or contains characters not allowed by the FITS standard; a HIERARCH card will be created. [astropy.io.fits.card]
WARNING: VerifyWarning: Keyword name 'DDP3_DENS' is greater than 8 characters or contains characters not allowed by the FITS standard; a HIERARCH card will be created. [astropy.io.fits.card]
WARNING: VerifyWarning: Keyword name 'FORCE_ZMIN' is greater than 8 characters or contains characters not allowed by the FITS standard; a HIERARCH card will be created. [astropy.io.fits.card]
WARNING: VerifyWarning: Keyword name 'FORCE_ZMAX' is greater than 8 characters or contains characters not allowed by the FITS standard; a HIERARCH card will be created. [astropy.io.fits.card]
/global/common/software/desi/cori/desiconda/20200801-1.4.0-spec/conda/lib/python3.8/site-packages/numpy/core/fromnumeric.py:3370: RuntimeWarning: Mean of empty slice.
  return mean(axis=axis, dtype=dtype, out=out, **kwargs)
/global/common/software/desi/cori/desiconda/20200801-1.4.0-spec/conda/lib/python3.8/site-packages/numpy/core/_methods.py:170: RuntimeWarning: invalid value encountered in double_scalars
  ret = ret.dtype.type(ret / rcount)
/global/common/software/desi/cori/desiconda/20200801-1.4.0-spec/conda/lib/python3.8/site-packages/numpy/core/fromnumeric.py:3372: RuntimeWarning: Mean of empty slice.
  return _methods._mean(a, axis=axis, dtype=dtype,
