Creating /cosma/home/durham/dc-wils7/data/GAMA4//ddrp_limits/
----------------------------------

Solved for 12.0 QALL 0.131: /cosma/home/durham/dc-wils7/data/GAMA4//ddrp_limits/ddrp_limit_0.fits

Solved for 12.0 QALL 0.298: /cosma/home/durham/dc-wils7/data/GAMA4//ddrp_limits/ddrp_limit_1.fits

Solved for 12.0 QALL 0.443: /cosma/home/durham/dc-wils7/data/GAMA4//ddrp_limits/ddrp_limit_2.fits

Solved for 12.0 QALL 0.603: /cosma/home/durham/dc-wils7/data/GAMA4//ddrp_limits/ddrp_limit_3.fits

Solved for 12.0 QALL 0.785: /cosma/home/durham/dc-wils7/data/GAMA4//ddrp_limits/ddrp_limit_4.fits

Solved for 12.0 QALL 0.933: /cosma/home/durham/dc-wils7/data/GAMA4//ddrp_limits/ddrp_limit_5.fits

Solved for 12.0 QALL 1.067: /cosma/home/durham/dc-wils7/data/GAMA4//ddrp_limits/ddrp_limit_6.fits

Solved for 12.0 QCOLOR 0.131: /cosma/home/durham/dc-wils7/data/GAMA4//ddrp_limits/ddrp_limit_7.fits

Solved for 12.0 QCOLOR 0.298: /cosma/home/durham/dc-wils7/data/GAMA4//ddrp_limits/ddrp_limit_8.fits

Solved for 12.0 QCOLOR 0.443: /cosma/home/durham/dc-wils7/data/GAMA4//ddrp_limits/ddrp_limit_9.fits

Solved for 12.0 QCOLOR 0.603: /cosma/home/durham/dc-wils7/data/GAMA4//ddrp_limits/ddrp_limit_10.fits

Solved for 12.0 QCOLOR 0.785: /cosma/home/durham/dc-wils7/data/GAMA4//ddrp_limits/ddrp_limit_11.fits

Solved for 12.0 QCOLOR 0.933: /cosma/home/durham/dc-wils7/data/GAMA4//ddrp_limits/ddrp_limit_12.fits

Solved for 12.0 QCOLOR 1.067: /cosma/home/durham/dc-wils7/data/GAMA4//ddrp_limits/ddrp_limit_13.fits
----------------------------------

Solved for 19.8 QALL 0.131: /cosma/home/durham/dc-wils7/data/GAMA4//ddrp_limits/ddrp_limit_14.fits

Solved for 19.8 QALL 0.298: /cosma/home/durham/dc-wils7/data/GAMA4//ddrp_limits/ddrp_limit_15.fits

Solved for 19.8 QALL 0.443: /cosma/home/durham/dc-wils7/data/GAMA4//ddrp_limits/ddrp_limit_16.fits

Solved for 19.8 QALL 0.603: /cosma/home/durham/dc-wils7/data/GAMA4//ddrp_limits/ddrp_limit_17.fits

Solved for 19.8 QALL 0.785: /cosma/home/durham/dc-wils7/data/GAMA4//ddrp_limits/ddrp_limit_18.fits

Solved for 19.8 QALL 0.933: /cosma/home/durham/dc-wils7/data/GAMA4//ddrp_limits/ddrp_limit_19.fits

Solved for 19.8 QALL 1.067: /cosma/home/durham/dc-wils7/data/GAMA4//ddrp_limits/ddrp_limit_20.fits

Solved for 19.8 QCOLOR 0.131: /cosma/home/durham/dc-wils7/data/GAMA4//ddrp_limits/ddrp_limit_21.fits

Solved for 19.8 QCOLOR 0.298: /cosma/home/durham/dc-wils7/data/GAMA4//ddrp_limits/ddrp_limit_22.fits

Solved for 19.8 QCOLOR 0.443: /cosma/home/durham/dc-wils7/data/GAMA4//ddrp_limits/ddrp_limit_23.fits

Solved for 19.8 QCOLOR 0.603: /cosma/home/durham/dc-wils7/data/GAMA4//ddrp_limits/ddrp_limit_24.fits

Solved for 19.8 QCOLOR 0.785: /cosma/home/durham/dc-wils7/data/GAMA4//ddrp_limits/ddrp_limit_25.fits

Solved for 19.8 QCOLOR 0.933: /cosma/home/durham/dc-wils7/data/GAMA4//ddrp_limits/ddrp_limit_26.fits

Solved for 19.8 QCOLOR 1.067: /cosma/home/durham/dc-wils7/data/GAMA4//ddrp_limits/ddrp_limit_27.fits
Done.
