Reading rand.
Creating big tree.
Counting < 8 Mpc/h pairs for small trees.
Creating split [230050 ... 345074] tree.
Querying split [230050 ... 345074] tree.
Creating split [0 ... 115024] tree.
Querying split [0 ... 115024] tree.
Creating split [345075 ... 460098] tree.
Querying split [345075 ... 460098] tree.
Creating split [1150243 ... 1265266] tree.
Querying split [1150243 ... 1265266] tree.
Creating split [690147 ... 805170] tree.
Querying split [690147 ... 805170] tree.
Creating split [805171 ... 920194] tree.
Querying split [805171 ... 920194] tree.
Creating split [1380291 ... 1495314] tree.
Querying split [1380291 ... 1495314] tree.
Creating split [1265267 ... 1380290] tree.
Querying split [1265267 ... 1380290] tree.
Creating split [1495315 ... 1610338] tree.
Querying split [1495315 ... 1610338] tree.
Flattening.
Writing /cosma5/data/durham/dc-wils7/GAMA4/randoms//randoms_N8_G9_0.fits.
