Reading rand.
Creating big tree.
Counting < 8 Mpc/h pairs for small trees.
Creating split [64 ... 95] tree.
Querying split [64 ... 95] tree.
Creating split [128 ... 158] tree.
Querying split [128 ... 158] tree.
Creating split [159 ... 189] tree.
Querying split [159 ... 189] tree.
Creating split [221 ... 251] tree.
Querying split [221 ... 251] tree.
Creating split [283 ... 313] tree.
Querying split [283 ... 313] tree.
Creating split [32 ... 63] tree.
Querying split [32 ... 63] tree.
Creating split [376 ... 406] tree.
Querying split [376 ... 406] tree.
Creating split [407 ... 437] tree.
Querying split [407 ... 437] tree.
Creating split [469 ... 499] tree.
Querying split [469 ... 499] tree.
Creating split [190 ... 220] tree.
Querying split [190 ... 220] tree.
Creating split [252 ... 282] tree.
Querying split [252 ... 282] tree.
Creating split [314 ... 344] tree.
Querying split [314 ... 344] tree.
Creating split [0 ... 31] tree.
Querying split [0 ... 31] tree.
Creating split [345 ... 375] tree.
Querying split [345 ... 375] tree.
Creating split [438 ... 468] tree.
Querying split [438 ... 468] tree.
Flattening.
Writing /cosma5/data/durham/dc-wils7/GAMA4/randoms//randoms_N8_G15_0_dryrun.fits.
Finished in 0.0022428393363952636 mins.
