G9 False True
Generating Gold density-split LF.
Read /global/cscratch1/sd/mjwilson/norberg/GAMA4/randoms//randoms_bd_ddp_n8_G9_0.fits

Reading: /global/cscratch1/sd/mjwilson/norberg/GAMA4//gama_gold_G9_ddp_n8_d0_0.fits
Found fields: [b'G9']
Found redshift limits: 0.043 < z < 0.248
Retrieved area 60.0 [sq. deg.]
WARNING:  Found 0.000% with zmax < 0.0
Writing /global/cscratch1/sd/mjwilson/norberg/GAMA4//gama_gold_G9_ddp_n8_d0_0_vmax.fits.
Writing /global/cscratch1/sd/mjwilson/norberg/GAMA4//gama_gold_G9_ddp_n8_d0_0_lumfn.fits.
PROCESS CAT FINISHED.
Reading: /global/cscratch1/sd/mjwilson/norberg/GAMA4//gama_gold_G9_ddp_n8_d0_0_lumfn.fits
      MEDIAN_M              PHI_N               PHI_N_ERROR       ...    PHI_IVMAX_ERROR      N         V_ON_VMAX      
------------------- ---------------------- ---------------------- ... ---------------------- ---- ---------------------
                nan                    0.0                    0.0 ...                    0.0  0.0                   nan
                nan                    0.0                    0.0 ...                    0.0  0.0                   nan
                nan                    0.0                    0.0 ...                    0.0  0.0                   nan
                nan                    0.0                    0.0 ...                    0.0  0.0                   nan
                nan                    0.0                    0.0 ...                    0.0  0.0                   nan
                nan                    0.0                    0.0 ...                    0.0  0.0                   nan
                nan                    0.0                    0.0 ...                    0.0  0.0                   nan
                nan                    0.0                    0.0 ...                    0.0  0.0                   nan
                nan                    0.0                    0.0 ...                    0.0  0.0                   nan
                nan                    0.0                    0.0 ...                    0.0  0.0                   nan
                nan                    0.0                    0.0 ...                    0.0  0.0                   nan
                nan                    0.0                    0.0 ...                    0.0  0.0                   nan
                nan                    0.0                    0.0 ...                    0.0  0.0                   nan
                nan                    0.0                    0.0 ...                    0.0  0.0                   nan
                nan                    0.0                    0.0 ...                    0.0  0.0                   nan
                nan                    0.0                    0.0 ...                    0.0  0.0                   nan
                nan                    0.0                    0.0 ...                    0.0  0.0                   nan
                nan                    0.0                    0.0 ...                    0.0  0.0                   nan
                nan                    0.0                    0.0 ...                    0.0  0.0                   nan
                nan                    0.0                    0.0 ...                    0.0  0.0                   nan
                nan                    0.0                    0.0 ...                    0.0  0.0                   nan
                ...                    ...                    ... ...                    ...  ...                   ...
-17.854416708537354  1.866923146154497e-05  9.334615730772484e-06 ...   9.90004619234757e-05  4.0     0.094645044902801
-17.754140967830345  4.200577078847618e-05 1.4001923596158726e-05 ... 0.00017788148114844616  9.0   0.08084668808175474
-17.630168542089297  5.134038651924866e-05  1.547970897056075e-05 ... 0.00023798618117756856 11.0   0.06702696876892791
-17.553511269241923  4.200577078847618e-05 1.4001923596158726e-05 ... 0.00023061638594970834  9.0   0.06098825611577993
-17.454333631551155 3.2671155057703696e-05 1.2348535903987727e-05 ...  0.0002396679567163043  7.0   0.05095253421699554
-17.360032927436684  2.333653932693121e-05 1.0436417658923076e-05 ... 0.00024493120042302956  5.0   0.04407017514803814
-17.267362842697846 3.2671155057703696e-05 1.2348535903987727e-05 ... 0.00033882734930347236  7.0  0.036887157552109584
-17.132144208221625  2.800384719231745e-05 1.1432522742674849e-05 ... 0.00036429819442932766  6.0   0.03087740444436894
-17.059842960629794  9.334615730772484e-06  6.600570082999843e-06 ... 0.00023885131294882324  2.0   0.02769325709823819
-16.924101771665345  4.667307865386242e-06  4.667307865386242e-06 ...  0.0002107930011384927  1.0  0.022141664287609737
 -16.83495729321002  9.334615730772484e-06  6.600570082999843e-06 ... 0.00035384795216194425  2.0  0.018751188860555004
-16.757530035162436  2.333653932693121e-05 1.0436417658923076e-05 ...  0.0006517073924855548  5.0  0.016318360156385752
-16.631379546591454 1.4001923596158726e-05  8.084014357414813e-06 ...  0.0006233647686725818  3.0  0.012822800568102232
-16.528076142256957  4.667307865386242e-06  4.667307865386242e-06 ... 0.00045709987087412334  1.0   0.01021069609243344
-16.417128789933166 1.4001923596158726e-05  8.084014357414813e-06 ...  0.0011173989759956273  3.0 0.0076076992424886705
-16.300399356494676  4.667307865386242e-06  4.667307865386242e-06 ...  0.0007907697160576039  1.0  0.005902233950808316
-16.252453820268638  4.667307865386242e-06  4.667307865386242e-06 ...  0.0009012075988583296  1.0 0.0051789486365837285
                nan                    0.0                    0.0 ...                    0.0  0.0                   nan
-16.055384880889154  4.667307865386242e-06  4.667307865386242e-06 ...   0.002641423076582999  1.0 0.0017669671726439108
                nan                    0.0                    0.0 ...                    0.0  0.0                   nan
                nan                    0.0                    0.0 ...                    0.0  0.0                   nan
                nan                    0.0                    0.0 ...                    0.0  0.0                   nan
Length = 99 rows
Found d8 renormalisation scale of 0.301
      MEDIAN_M              PHI_N               PHI_N_ERROR             PHI_IVMAX          PHI_IVMAX_ERROR      N         V_ON_VMAX      
------------------- ---------------------- ---------------------- --------------------- ---------------------- ---- ---------------------
                nan                    0.0                    0.0                   0.0                    0.0  0.0                   nan
                nan                    0.0                    0.0                   0.0                    0.0  0.0                   nan
                nan                    0.0                    0.0                   0.0                    0.0  0.0                   nan
                nan                    0.0                    0.0                   0.0                    0.0  0.0                   nan
                nan                    0.0                    0.0                   0.0                    0.0  0.0                   nan
                nan                    0.0                    0.0                   0.0                    0.0  0.0                   nan
                nan                    0.0                    0.0                   0.0                    0.0  0.0                   nan
                nan                    0.0                    0.0                   0.0                    0.0  0.0                   nan
                nan                    0.0                    0.0                   0.0                    0.0  0.0                   nan
                nan                    0.0                    0.0                   0.0                    0.0  0.0                   nan
                nan                    0.0                    0.0                   0.0                    0.0  0.0                   nan
                nan                    0.0                    0.0                   0.0                    0.0  0.0                   nan
                nan                    0.0                    0.0                   0.0                    0.0  0.0                   nan
                nan                    0.0                    0.0                   0.0                    0.0  0.0                   nan
                nan                    0.0                    0.0                   0.0                    0.0  0.0                   nan
                nan                    0.0                    0.0                   0.0                    0.0  0.0                   nan
                nan                    0.0                    0.0                   0.0                    0.0  0.0                   nan
                nan                    0.0                    0.0                   0.0                    0.0  0.0                   nan
                nan                    0.0                    0.0                   0.0                    0.0  0.0                   nan
                nan                    0.0                    0.0                   0.0                    0.0  0.0                   nan
                nan                    0.0                    0.0                   0.0                    0.0  0.0                   nan
                ...                    ...                    ...                   ...                    ...  ...                   ...
-17.854416708537354  6.207002614389396e-05  3.103501307194698e-05 0.0006575074702817943 0.00032914912820622286  4.0     0.094645044902801
-17.754140967830345  0.0001396575588237614  4.655251960792046e-05  0.001768461276784929  0.0005914066793880184  9.0   0.08084668808175474
-17.630168542089297 0.00017069257189570835 5.1465746861711605e-05  0.002615283825730944  0.0007912381673559649 11.0   0.06702696876892791
-17.553511269241923  0.0001396575588237614  4.655251960792046e-05 0.0022990559818796517  0.0007667356385073256  9.0   0.06098825611577993
-17.454333631551155 0.00010862254575181442  4.105546326200521e-05  0.002105924455918976  0.0007968296054327014  7.0   0.05095253421699554
-17.360032927436684  7.758753267986743e-05 3.4698199455734005e-05 0.0018163052357268602  0.0008143284336598322  5.0   0.04407017514803814
-17.267362842697846 0.00010862254575181442  4.105546326200521e-05 0.0029700298527665795   0.001126507134096692  7.0  0.036887157552109584
-17.132144208221625  9.310503921584093e-05 3.8009973093437976e-05 0.0029620030001556415  0.0012111906426881098  6.0   0.03087740444436894
-17.059842960629794  3.103501307194698e-05 2.1945068197386853e-05 0.0011222553032831082  0.0007941144909887989  2.0   0.02769325709823819
-16.924101771665345  1.551750653597349e-05  1.551750653597349e-05 0.0007008283719962702  0.0007008283719962702  1.0  0.022141664287609737
 -16.83495729321002  3.103501307194698e-05 2.1945068197386853e-05 0.0016608646302003556  0.0011764464802365058  2.0  0.018751188860555004
-16.757530035162436  7.758753267986743e-05 3.4698199455734005e-05 0.0048350848701471175  0.0021667466586972072  5.0  0.016318360156385752
-16.631379546591454  4.655251960792046e-05 2.6877109727088208e-05 0.0035817343764767387  0.0020725152810059802  3.0  0.012822800568102232
-16.528076142256957  1.551750653597349e-05  1.551750653597349e-05 0.0015197305252746304    0.00151973052527463  1.0   0.01021069609243344
-16.417128789933166  4.655251960792046e-05 2.6877109727088208e-05  0.006404603798840772  0.0037150422499218024  3.0 0.0076076992424886705
-16.300399356494676  1.551750653597349e-05  1.551750653597349e-05  0.002629090385996704   0.002629090385996704  1.0  0.005902233950808316
-16.252453820268638  1.551750653597349e-05  1.551750653597349e-05 0.0029962657722378077  0.0029962657722378077  1.0 0.0051789486365837285
                nan                    0.0                    0.0                   0.0                    0.0  0.0                   nan
-16.055384880889154  1.551750653597349e-05  1.551750653597349e-05  0.008782000467362765   0.008782000467362765  1.0 0.0017669671726439108
                nan                    0.0                    0.0                   0.0                    0.0  0.0                   nan
                nan                    0.0                    0.0                   0.0                    0.0  0.0                   nan
                nan                    0.0                    0.0                   0.0                    0.0  0.0                   nan
Length = 99 rows
Writing /global/cscratch1/sd/mjwilson/norberg/GAMA4//gama_gold_G9_ddp_n8_d0_0_lumfn.fits

Reading: /global/cscratch1/sd/mjwilson/norberg/GAMA4//gama_gold_G9_ddp_n8_d0_1.fits
Found fields: [b'G9']
Found redshift limits: 0.039 < z < 0.248
Retrieved area 60.0 [sq. deg.]
WARNING:  Found 0.160% with zmax < 0.0
Writing /global/cscratch1/sd/mjwilson/norberg/GAMA4//gama_gold_G9_ddp_n8_d0_1_vmax.fits.
Writing /global/cscratch1/sd/mjwilson/norberg/GAMA4//gama_gold_G9_ddp_n8_d0_1_lumfn.fits.
PROCESS CAT FINISHED.
Reading: /global/cscratch1/sd/mjwilson/norberg/GAMA4//gama_gold_G9_ddp_n8_d0_1_lumfn.fits
      MEDIAN_M              PHI_N               PHI_N_ERROR       ...    PHI_IVMAX_ERROR      N         V_ON_VMAX      
------------------- ---------------------- ---------------------- ... ---------------------- ---- ---------------------
                nan                    0.0                    0.0 ...                    0.0  0.0                   nan
                nan                    0.0                    0.0 ...                    0.0  0.0                   nan
                nan                    0.0                    0.0 ...                    0.0  0.0                   nan
                nan                    0.0                    0.0 ...                    0.0  0.0                   nan
                nan                    0.0                    0.0 ...                    0.0  0.0                   nan
                nan                    0.0                    0.0 ...                    0.0  0.0                   nan
                nan                    0.0                    0.0 ...                    0.0  0.0                   nan
                nan                    0.0                    0.0 ...                    0.0  0.0                   nan
                nan                    0.0                    0.0 ...                    0.0  0.0                   nan
                nan                    0.0                    0.0 ...                    0.0  0.0                   nan
                nan                    0.0                    0.0 ...                    0.0  0.0                   nan
                nan                    0.0                    0.0 ...                    0.0  0.0                   nan
                nan                    0.0                    0.0 ...                    0.0  0.0                   nan
                nan                    0.0                    0.0 ...                    0.0  0.0                   nan
                nan                    0.0                    0.0 ...                    0.0  0.0                   nan
                nan                    0.0                    0.0 ...                    0.0  0.0                   nan
                nan                    0.0                    0.0 ...                    0.0  0.0                   nan
                nan                    0.0                    0.0 ...                    0.0  0.0                   nan
                nan                    0.0                    0.0 ...                    0.0  0.0                   nan
                nan                    0.0                    0.0 ...                    0.0  0.0                   nan
                nan                    0.0                    0.0 ...                    0.0  0.0                   nan
                ...                    ...                    ... ...                    ...  ...                   ...
-17.831893002511052  5.583934889186165e-05 1.6119431557044877e-05 ... 0.00017468348745199836 12.0   0.09202017489235563
-17.744428940763488 4.1879511668896234e-05 1.3959837222965412e-05 ... 0.00018265986366781747  9.0   0.07726108932135407
-17.652445283648117  7.910574426347066e-05  1.918596112890517e-05 ... 0.00028038176735048915 17.0   0.06936376490227333
-17.554402809511778  4.653279074321804e-05 1.4714960463256836e-05 ... 0.00024820975529305357 10.0  0.059842521553185216
-17.421831085969735  4.653279074321804e-05 1.4714960463256836e-05 ... 0.00028168701711889173 10.0  0.051788208773897615
 -17.34455526139496 2.7919674445930824e-05  1.139815936285886e-05 ...   0.000252056807619924  6.0   0.04515675172118849
 -17.21939447214973 1.8613116297287216e-05  9.306558148643608e-06 ...  0.0002475273266814898  4.0  0.037119573679756615
-17.147383204077542  2.326639537160902e-05 1.0405048328460851e-05 ... 0.00031285424022480863  5.0  0.033363637728925345
-17.062856517792515  3.257295352025263e-05 1.2311419211636338e-05 ...  0.0004246745420925404  7.0   0.02933056213241433
-16.952913812899332  9.306558148643608e-06  6.580730376412816e-06 ... 0.00026494995830982613  2.0   0.02498824769646334
 -16.85383018841609 1.8613116297287216e-05  9.306558148643608e-06 ...   0.000446123198268105  4.0  0.020798350555932446
-16.769238354145056  4.653279074321804e-06  4.653279074321804e-06 ...  0.0002560364892547141  1.0   0.01817428089201988
-16.693977170363212 1.3959837222965412e-05  8.059715778522438e-06 ...  0.0005215761686406151  3.0  0.015934433435745566
-16.562882007871043  4.653279074321804e-06  4.653279074321804e-06 ... 0.00036565190780336486  1.0   0.01272598057063654
-16.458402460490156  9.306558148643608e-06  6.580730376412816e-06 ...  0.0006331908593555085  2.0  0.010462018463925606
 -16.39486591203184  4.653279074321804e-06  4.653279074321804e-06 ...  0.0005062193517703212  1.0  0.009192218863322043
-16.213552773571255  4.653279074321804e-06  4.653279074321804e-06 ...  0.0007670035976074608  1.0  0.006066828224583207
-16.157693863414032  4.653279074321804e-06  4.653279074321804e-06 ...  0.0008734489387514101  1.0  0.005327476934110926
-16.067487161907557  4.653279074321804e-06  4.653279074321804e-06 ...  0.0010910539025442867  1.0 0.0042649396729809354
                nan                    0.0                    0.0 ...                    0.0  0.0                   nan
                nan                    0.0                    0.0 ...                    0.0  0.0                   nan
                nan                    0.0                    0.0 ...                    0.0  0.0                   nan
Length = 99 rows
Found d8 renormalisation scale of 0.155
      MEDIAN_M              PHI_N               PHI_N_ERROR             PHI_IVMAX          PHI_IVMAX_ERROR     N         V_ON_VMAX      
------------------- ---------------------- ---------------------- --------------------- --------------------- ---- ---------------------
                nan                    0.0                    0.0                   0.0                   0.0  0.0                   nan
                nan                    0.0                    0.0                   0.0                   0.0  0.0                   nan
                nan                    0.0                    0.0                   0.0                   0.0  0.0                   nan
                nan                    0.0                    0.0                   0.0                   0.0  0.0                   nan
                nan                    0.0                    0.0                   0.0                   0.0  0.0                   nan
                nan                    0.0                    0.0                   0.0                   0.0  0.0                   nan
                nan                    0.0                    0.0                   0.0                   0.0  0.0                   nan
                nan                    0.0                    0.0                   0.0                   0.0  0.0                   nan
                nan                    0.0                    0.0                   0.0                   0.0  0.0                   nan
                nan                    0.0                    0.0                   0.0                   0.0  0.0                   nan
                nan                    0.0                    0.0                   0.0                   0.0  0.0                   nan
                nan                    0.0                    0.0                   0.0                   0.0  0.0                   nan
                nan                    0.0                    0.0                   0.0                   0.0  0.0                   nan
                nan                    0.0                    0.0                   0.0                   0.0  0.0                   nan
                nan                    0.0                    0.0                   0.0                   0.0  0.0                   nan
                nan                    0.0                    0.0                   0.0                   0.0  0.0                   nan
                nan                    0.0                    0.0                   0.0                   0.0  0.0                   nan
                nan                    0.0                    0.0                   0.0                   0.0  0.0                   nan
                nan                    0.0                    0.0                   0.0                   0.0  0.0                   nan
                nan                    0.0                    0.0                   0.0                   0.0  0.0                   nan
                nan                    0.0                    0.0                   0.0                   0.0  0.0                   nan
                ...                    ...                    ...                   ...                   ...  ...                   ...
-17.831893002511052  0.0003609264484431948 0.00010419049108316705  0.003907536853716952 0.0011290943031914563 12.0   0.09202017489235563
-17.744428940763488  0.0002706948363323961   9.02316121107987e-05 0.0035267272701727747 0.0011806508703104176  9.0   0.07726108932135407
-17.652445283648117  0.0005113124686278593 0.00012401148916752825  0.007444256721844746 0.0018122918247849991 17.0   0.06936376490227333
-17.554402809511778 0.00030077204036932896   9.51124704063191e-05  0.005054529012780619 0.0016043429449789485 10.0  0.059842521553185216
-17.421831085969735 0.00030077204036932896   9.51124704063191e-05  0.005750466567485537 0.0018207285127584418 10.0  0.051788208773897615
 -17.34455526139496  0.0001804632242215974  7.367380278006393e-05  0.003986549608309986 0.0016292089751327285  6.0   0.04515675172118849
 -17.21939447214973  0.0001203088161477316   6.01544080738658e-05 0.0031975785041335795 0.0015999319598944924  4.0  0.037119573679756615
-17.147383204077542 0.00015038602018466448  6.725467279971307e-05  0.004521104632542257  0.002022182780522921  5.0  0.033363637728925345
-17.062856517792515  0.0002105404282585303  7.957680201387241e-05  0.007257563167065399 0.0027449509577651974  7.0   0.02933056213241433
-16.952913812899332   6.01544080738658e-05  4.253558986729331e-05 0.0024170430036581704  0.001712545890410183  2.0   0.02498824769646334
 -16.85383018841609  0.0001203088161477316   6.01544080738658e-05  0.005766801315861816 0.0028835877336401755  4.0  0.020798350555932446
-16.769238354145056   3.00772040369329e-05   3.00772040369329e-05 0.0016549322757600526 0.0016549322757600526  1.0   0.01817428089201988
-16.693977170363212   9.02316121107987e-05  5.209524554158353e-05  0.005832611296166954  0.003371289921460792  3.0  0.015934433435745566
-16.562882007871043   3.00772040369329e-05   3.00772040369329e-05 0.0023634488415243955  0.002363448841524396  1.0   0.01272598057063654
-16.458402460490156   6.01544080738658e-05  4.253558986729331e-05 0.0057752679773941116  0.004092729098551258  2.0  0.010462018463925606
 -16.39486591203184   3.00772040369329e-05   3.00772040369329e-05 0.0032720287108202162 0.0032720287108202162  1.0  0.009192218863322043
-16.213552773571255   3.00772040369329e-05   3.00772040369329e-05   0.00495764886090857   0.00495764886090857  1.0  0.006066828224583207
-16.157693863414032   3.00772040369329e-05   3.00772040369329e-05  0.005645675130821064  0.005645675130821064  1.0  0.005327476934110926
-16.067487161907557   3.00772040369329e-05   3.00772040369329e-05  0.007052199173525647  0.007052199173525647  1.0 0.0042649396729809354
                nan                    0.0                    0.0                   0.0                   0.0  0.0                   nan
                nan                    0.0                    0.0                   0.0                   0.0  0.0                   nan
                nan                    0.0                    0.0                   0.0                   0.0  0.0                   nan
Length = 99 rows
Writing /global/cscratch1/sd/mjwilson/norberg/GAMA4//gama_gold_G9_ddp_n8_d0_1_lumfn.fits

Reading: /global/cscratch1/sd/mjwilson/norberg/GAMA4//gama_gold_G9_ddp_n8_d0_2.fits
Found fields: [b'G9']
Found redshift limits: 0.039 < z < 0.248
Retrieved area 60.0 [sq. deg.]
WARNING:  Found 0.084% with zmax < 0.0
Writing /global/cscratch1/sd/mjwilson/norberg/GAMA4//gama_gold_G9_ddp_n8_d0_2_vmax.fits.
Writing /global/cscratch1/sd/mjwilson/norberg/GAMA4//gama_gold_G9_ddp_n8_d0_2_lumfn.fits.
PROCESS CAT FINISHED.
Reading: /global/cscratch1/sd/mjwilson/norberg/GAMA4//gama_gold_G9_ddp_n8_d0_2_lumfn.fits
      MEDIAN_M              PHI_N               PHI_N_ERROR             PHI_IVMAX          PHI_IVMAX_ERROR      N         V_ON_VMAX      
------------------- ---------------------- ---------------------- --------------------- ---------------------- ---- ---------------------
                nan                    0.0                    0.0                   0.0                    0.0  0.0                   nan
                nan                    0.0                    0.0                   0.0                    0.0  0.0                   nan
                nan                    0.0                    0.0                   0.0                    0.0  0.0                   nan
                nan                    0.0                    0.0                   0.0                    0.0  0.0                   nan
                nan                    0.0                    0.0                   0.0                    0.0  0.0                   nan
                nan                    0.0                    0.0                   0.0                    0.0  0.0                   nan
                nan                    0.0                    0.0                   0.0                    0.0  0.0                   nan
                nan                    0.0                    0.0                   0.0                    0.0  0.0                   nan
                nan                    0.0                    0.0                   0.0                    0.0  0.0                   nan
                nan                    0.0                    0.0                   0.0                    0.0  0.0                   nan
                nan                    0.0                    0.0                   0.0                    0.0  0.0                   nan
                nan                    0.0                    0.0                   0.0                    0.0  0.0                   nan
                nan                    0.0                    0.0                   0.0                    0.0  0.0                   nan
                nan                    0.0                    0.0                   0.0                    0.0  0.0                   nan
                nan                    0.0                    0.0                   0.0                    0.0  0.0                   nan
                nan                    0.0                    0.0                   0.0                    0.0  0.0                   nan
                nan                    0.0                    0.0                   0.0                    0.0  0.0                   nan
                nan                    0.0                    0.0                   0.0                    0.0  0.0                   nan
                nan                    0.0                    0.0                   0.0                    0.0  0.0                   nan
                nan                    0.0                    0.0                   0.0                    0.0  0.0                   nan
                nan                    0.0                    0.0                   0.0                    0.0  0.0                   nan
                ...                    ...                    ...                   ...                    ...  ...                   ...
-17.854404299688227 0.00013486812072018887 2.5044381286438928e-05 0.0014584361090337016 0.00027200308915129213 29.0   0.09508898508109369
-17.755786259711474   7.44099976387249e-05 1.8602499409681225e-05 0.0009193748668234431  0.0002306681903351124 16.0   0.08090958304020522
 -17.64743269606914 0.00011161499645808734  2.278331574707214e-05  0.001599075229584871 0.00032699762684457287 24.0    0.0702694603999637
 -17.56610905768466  5.580749822904367e-05  1.611023706266896e-05 0.0008905331376339867  0.0002573322459067255 12.0  0.062071526585756966
-17.439145766349206  3.720499881936245e-05  1.315395347960434e-05 0.0007152768186517674  0.0002531049234354112  8.0   0.05185225433335904
 -17.35653224748988  8.371124734356551e-05 1.9730930219406507e-05 0.0018184369727095421 0.00042917783175316736 18.0  0.045947153578400214
-17.250241065863307  4.650624852420306e-05   1.47065670766326e-05 0.0011835619755151646 0.00037458862079770916 10.0   0.03901459740614183
-17.140566484129884 4.1855623671782755e-05 1.3951874557260918e-05 0.0012580094557872667  0.0004197848624603739  9.0  0.032762791476973335
 -17.05912642612863  3.720499881936245e-05  1.315395347960434e-05  0.001285503906792561 0.00045508305617507003  8.0  0.029373136963190806
-16.930775619664338  4.650624852420306e-05   1.47065670766326e-05 0.0019417662028396055  0.0006147779499770136 10.0  0.023632650860597678
-16.872122858474736 3.2554373966942144e-05 1.2304396800560594e-05 0.0015368165521690937   0.000581349489183639  7.0   0.02125215939190806
-16.744408530121127 1.3951874557260918e-05   8.05511853133448e-06 0.0007872804635920834  0.0004545744126242495  3.0  0.017573212658217548
 -16.65933113704299 1.8602499409681225e-05  9.301249704840612e-06 0.0012334442681139377  0.0006170339076783985  4.0  0.015058953483199607
 -16.52443036950733 1.8602499409681225e-05  9.301249704840612e-06 0.0015988384822800085  0.0007998142479426265  4.0  0.011576659630882677
-16.470121669817598  2.325312426210153e-05 1.0399113307861733e-05 0.0021594527920450277  0.0009660765484571697  5.0  0.010622663919792818
-16.357329550780044 1.3951874557260918e-05   8.05511853133448e-06  0.001689731206999591  0.0009763698654430012  3.0    0.0084651918126482
 -16.26109162735125  9.301249704840612e-06   6.57697673980217e-06 0.0014816931496301202  0.0010479029797662658  2.0  0.006279696965189479
 -16.13517268528662 1.8602499409681225e-05  9.301249704840612e-06 0.0035755122213567887  0.0017928266124035254  4.0  0.005076216294989826
-16.036449159684274  4.650624852420306e-06  4.650624852420306e-06 0.0012012860820945512  0.0012012860820945512  1.0 0.0038713716255760824
 -15.94827412565719 1.8602499409681225e-05  9.301249704840612e-06  0.006765522622383013  0.0034072111494841844  4.0  0.002761576656469097
                nan                    0.0                    0.0                   0.0                    0.0  0.0                   nan
-15.714032676721347  4.650624852420306e-06  4.650624852420306e-06  0.004971802249794056   0.004971802249794056  1.0 0.0009354002067586148
Length = 99 rows
Found d8 renormalisation scale of 0.093
      MEDIAN_M              PHI_N               PHI_N_ERROR            PHI_IVMAX          PHI_IVMAX_ERROR     N         V_ON_VMAX      
------------------- ---------------------- ---------------------- -------------------- --------------------- ---- ---------------------
                nan                    0.0                    0.0                  0.0                   0.0  0.0                   nan
                nan                    0.0                    0.0                  0.0                   0.0  0.0                   nan
                nan                    0.0                    0.0                  0.0                   0.0  0.0                   nan
                nan                    0.0                    0.0                  0.0                   0.0  0.0                   nan
                nan                    0.0                    0.0                  0.0                   0.0  0.0                   nan
                nan                    0.0                    0.0                  0.0                   0.0  0.0                   nan
                nan                    0.0                    0.0                  0.0                   0.0  0.0                   nan
                nan                    0.0                    0.0                  0.0                   0.0  0.0                   nan
                nan                    0.0                    0.0                  0.0                   0.0  0.0                   nan
                nan                    0.0                    0.0                  0.0                   0.0  0.0                   nan
                nan                    0.0                    0.0                  0.0                   0.0  0.0                   nan
                nan                    0.0                    0.0                  0.0                   0.0  0.0                   nan
                nan                    0.0                    0.0                  0.0                   0.0  0.0                   nan
                nan                    0.0                    0.0                  0.0                   0.0  0.0                   nan
                nan                    0.0                    0.0                  0.0                   0.0  0.0                   nan
                nan                    0.0                    0.0                  0.0                   0.0  0.0                   nan
                nan                    0.0                    0.0                  0.0                   0.0  0.0                   nan
                nan                    0.0                    0.0                  0.0                   0.0  0.0                   nan
                nan                    0.0                    0.0                  0.0                   0.0  0.0                   nan
                nan                    0.0                    0.0                  0.0                   0.0  0.0                   nan
                nan                    0.0                    0.0                  0.0                   0.0  0.0                   nan
                ...                    ...                    ...                  ...                   ...  ...                   ...
-17.854404299688227   0.001447399970483257 0.00026877542699634325  0.01565188548557496 0.0029191276715847428 29.0   0.09508898508109369
-17.755786259711474  0.0007985655009562797 0.00019964137523906993 0.009866699024183127  0.002475522978296308 16.0   0.08090958304020522
 -17.64743269606914  0.0011978482514344196  0.0002445097504416146 0.017161219625085083  0.003509327133169436 24.0    0.0702694603999637
 -17.56610905768466  0.0005989241257172098 0.00017289450260349614  0.00955717059185541 0.0027616806932643017 12.0  0.062071526585756966
-17.439145766349206 0.00039928275047813985 0.00014116777023695444 0.007676325885431795  0.002716313215853551  8.0   0.05185225433335904
 -17.35653224748988  0.0008983861885758146  0.0002117516553554316  0.01951540220602674  0.004605921530562369 18.0  0.045947153578400214
-17.250241065863307  0.0004991034380976748 0.00015783036524095084 0.012701945865916678  0.004020072021399549 10.0   0.03901459740614183
-17.140566484129884  0.0004491930942879073 0.00014973103142930245 0.013500913629187832 0.0045051165115219845  9.0  0.032762791476973335
 -17.05912642612863 0.00039928275047813985 0.00014116777023695444 0.013795983119005076  0.004883935496082178  8.0  0.029373136963190806
-16.930775619664338  0.0004991034380976748 0.00015783036524095084 0.020838967204906828  0.006597775529894256 10.0  0.023632650860597678
-16.872122858474736  0.0003493724066683724  0.0001320503575703768 0.016493061669204015  0.006239022453872576  7.0   0.02125215939190806
-16.744408530121127 0.00014973103142930245  8.644725130174807e-05 0.008449066493106767  0.004878476751224514  3.0  0.017573212658217548
 -16.65933113704299 0.00019964137523906993  9.982068761953496e-05 0.013237280891344178 0.0066219863893098065  4.0  0.015058953483199607
 -16.52443036950733 0.00019964137523906993  9.982068761953496e-05  0.01715867886126158  0.008583578629867816  4.0  0.011576659630882677
-16.470121669817598  0.0002495517190488374 0.00011160292153902594  0.02317517209237779  0.010367899843600014  5.0  0.010622663919792818
-16.357329550780044 0.00014973103142930245  8.644725130174807e-05 0.018134136414712704  0.010478367362698745  3.0    0.0084651918126482
 -16.26109162735125  9.982068761953496e-05  7.058388511847722e-05 0.015901479234587176  0.011246058252192765  2.0  0.006279696965189479
 -16.13517268528662 0.00019964137523906993  9.982068761953496e-05 0.038372272528296954  0.019240552711920565  4.0  0.005076216294989826
-16.036449159684274  4.991034380976748e-05  4.991034380976748e-05 0.012892160359919084  0.012892160359919084  1.0 0.0038713716255760824
 -15.94827412565719 0.00019964137523906993  9.982068761953496e-05  0.07260735295820815   0.03656607129141531  4.0  0.002761576656469097
                nan                    0.0                    0.0                  0.0                   0.0  0.0                   nan
-15.714032676721347  4.991034380976748e-05  4.991034380976748e-05  0.05335720844313126   0.05335720844313126  1.0 0.0009354002067586148
Length = 99 rows
Writing /global/cscratch1/sd/mjwilson/norberg/GAMA4//gama_gold_G9_ddp_n8_d0_2_lumfn.fits

Reading: /global/cscratch1/sd/mjwilson/norberg/GAMA4//gama_gold_G9_ddp_n8_d0_3.fits
Found fields: [b'G9']
Found redshift limits: 0.040 < z < 0.248
Retrieved area 60.0 [sq. deg.]
WARNING:  Found 0.109% with zmax < 0.0
Writing /global/cscratch1/sd/mjwilson/norberg/GAMA4//gama_gold_G9_ddp_n8_d0_3_vmax.fits.
Writing /global/cscratch1/sd/mjwilson/norberg/GAMA4//gama_gold_G9_ddp_n8_d0_3_lumfn.fits.
PROCESS CAT FINISHED.
Reading: /global/cscratch1/sd/mjwilson/norberg/GAMA4//gama_gold_G9_ddp_n8_d0_3_lumfn.fits
      MEDIAN_M              PHI_N               PHI_N_ERROR             PHI_IVMAX          PHI_IVMAX_ERROR      N         V_ON_VMAX      
------------------- ---------------------- ---------------------- --------------------- ---------------------- ---- ---------------------
                nan                    0.0                    0.0                   0.0                    0.0  0.0                   nan
                nan                    0.0                    0.0                   0.0                    0.0  0.0                   nan
                nan                    0.0                    0.0                   0.0                    0.0  0.0                   nan
                nan                    0.0                    0.0                   0.0                    0.0  0.0                   nan
                nan                    0.0                    0.0                   0.0                    0.0  0.0                   nan
                nan                    0.0                    0.0                   0.0                    0.0  0.0                   nan
                nan                    0.0                    0.0                   0.0                    0.0  0.0                   nan
                nan                    0.0                    0.0                   0.0                    0.0  0.0                   nan
                nan                    0.0                    0.0                   0.0                    0.0  0.0                   nan
                nan                    0.0                    0.0                   0.0                    0.0  0.0                   nan
                nan                    0.0                    0.0                   0.0                    0.0  0.0                   nan
                nan                    0.0                    0.0                   0.0                    0.0  0.0                   nan
                nan                    0.0                    0.0                   0.0                    0.0  0.0                   nan
                nan                    0.0                    0.0                   0.0                    0.0  0.0                   nan
                nan                    0.0                    0.0                   0.0                    0.0  0.0                   nan
                nan                    0.0                    0.0                   0.0                    0.0  0.0                   nan
                nan                    0.0                    0.0                   0.0                    0.0  0.0                   nan
                nan                    0.0                    0.0                   0.0                    0.0  0.0                   nan
                nan                    0.0                    0.0                   0.0                    0.0  0.0                   nan
                nan                    0.0                    0.0                   0.0                    0.0  0.0                   nan
                nan                    0.0                    0.0                   0.0                    0.0  0.0                   nan
                ...                    ...                    ...                   ...                    ...  ...                   ...
 -17.84521522821608 0.00040476999838939056 4.3395898899953963e-05 0.0046087010541212906  0.0004971955263070894 87.0   0.09006601774102214
-17.751721059193862 0.00032567701019836024  3.892584799915692e-05  0.004263377581205897  0.0005126653146645803 70.0   0.07952682023368039
 -17.64323280323271 0.00020936379227037445 3.1210111436246814e-05 0.0031867079759015163 0.00047811433681140767 45.0   0.06819095989535981
-17.546310225568536  0.0003675497686524351  4.135257976990139e-05  0.006360910784276501  0.0007192177010791589 79.0   0.05916061374337576
-17.455494229493013 0.00031637195276412137  3.836573465380569e-05  0.006293250246046171   0.000765718182833537 68.0  0.051177334732289664
-17.353111977096795  0.0003024143666127631  3.750988569877764e-05  0.007013825328227194  0.0008742340349903029 65.0  0.044420540806016026
 -17.25193184135346  0.0002931093091785242 3.6928301859253186e-05  0.007708666902301914  0.0009737571069125814 63.0  0.038479344464061455
-17.159847224105853 0.00021401632098749386  3.155498501547046e-05   0.00666854674207507  0.0009882554533019539 46.0    0.0332478842791787
 -17.05850144072473 0.00020005873483613557 3.0508671045060322e-05  0.007108064533654226  0.0010861119298295199 43.0  0.028497592083808643
-16.948109311591367 0.00016283850509918012 2.7524731083640664e-05  0.007097990090446962  0.0012043928805763344 35.0   0.02351745169943874
   -16.836330721777   0.000172143562533419 2.8300227351630523e-05  0.008790294806551763  0.0014488168013921034 37.0  0.019650267757097016
 -16.73814624237567 0.00012561827536222467 2.4175248365172312e-05   0.00777196489744796    0.00150236626983368 27.0  0.016440356987521974
 -16.64898133689124 0.00015353344766494127 2.6726742680309783e-05  0.011079638552562074  0.0019343914286000829 33.0  0.014233359651233624
-16.557272790757715 0.00015353344766494127 2.6726742680309783e-05  0.013006584934095776   0.002269256784926087 33.0  0.011748184024985437
-16.457533287555453   0.000172143562533419 2.8300227351630523e-05  0.018144869097287523  0.0029981857673687345 37.0  0.009856827436467704
 -16.35542173060181 0.00015353344766494127 2.6726742680309783e-05  0.019362355809861162  0.0033768042675391854 33.0   0.00787997781426617
-16.258053943921098 0.00012096574664510523  2.372333471614279e-05  0.019624414562871652   0.003872627504166787 26.0  0.006359474861125017
  -16.1736565311367  3.256770101983602e-05 1.2309433953084396e-05  0.006372337605907754   0.002412583414778944  7.0  0.005164046188948067
 -16.04352617198227 1.3957586151358296e-05  8.058416121724104e-06  0.003984442707041645   0.002301757858732169  3.0   0.00354666180542417
                nan                    0.0                    0.0                   0.0                    0.0  0.0                   nan
-15.894236113006684 4.6525287171194314e-06 4.6525287171194314e-06 0.0023089206687099007  0.0023089206687099007  1.0  0.002015023201173478
-15.771159111866156 1.3957586151358296e-05  8.058416121724104e-06  0.018199368106310416   0.010890133305147362  3.0 0.0008969211010103589
Length = 99 rows
Found d8 renormalisation scale of 0.013
      MEDIAN_M              PHI_N              PHI_N_ERROR           PHI_IVMAX        PHI_IVMAX_ERROR     N         V_ON_VMAX      
------------------- --------------------- --------------------- ------------------- -------------------- ---- ---------------------
                nan                   0.0                   0.0                 0.0                  0.0  0.0                   nan
                nan                   0.0                   0.0                 0.0                  0.0  0.0                   nan
                nan                   0.0                   0.0                 0.0                  0.0  0.0                   nan
                nan                   0.0                   0.0                 0.0                  0.0  0.0                   nan
                nan                   0.0                   0.0                 0.0                  0.0  0.0                   nan
                nan                   0.0                   0.0                 0.0                  0.0  0.0                   nan
                nan                   0.0                   0.0                 0.0                  0.0  0.0                   nan
                nan                   0.0                   0.0                 0.0                  0.0  0.0                   nan
                nan                   0.0                   0.0                 0.0                  0.0  0.0                   nan
                nan                   0.0                   0.0                 0.0                  0.0  0.0                   nan
                nan                   0.0                   0.0                 0.0                  0.0  0.0                   nan
                nan                   0.0                   0.0                 0.0                  0.0  0.0                   nan
                nan                   0.0                   0.0                 0.0                  0.0  0.0                   nan
                nan                   0.0                   0.0                 0.0                  0.0  0.0                   nan
                nan                   0.0                   0.0                 0.0                  0.0  0.0                   nan
                nan                   0.0                   0.0                 0.0                  0.0  0.0                   nan
                nan                   0.0                   0.0                 0.0                  0.0  0.0                   nan
                nan                   0.0                   0.0                 0.0                  0.0  0.0                   nan
                nan                   0.0                   0.0                 0.0                  0.0  0.0                   nan
                nan                   0.0                   0.0                 0.0                  0.0  0.0                   nan
                nan                   0.0                   0.0                 0.0                  0.0  0.0                   nan
                ...                   ...                   ...                 ...                  ...  ...                   ...
 -17.84521522821608   0.03052209365257196  0.003272311919441549 0.34752379314258036 0.037491534644289365 87.0   0.09006601774102214
-17.751721059193862  0.024558006387126866 0.0029352431822110797 0.32148432524057563  0.03865804977859183 70.0   0.07952682023368039
 -17.64323280323271   0.01578728982029584 0.0023534302145781292 0.24029695795362466  0.03605269813193155 45.0   0.06819095989535981
-17.546310225568536   0.02771546435118603 0.0031182333610065937  0.4796509510237238  0.05423334267923593 79.0   0.05916061374337576
-17.455494229493013  0.023856349061780382   0.00289300726539192 0.47454893928207564 0.057739758828269476 68.0  0.051177334732289664
-17.353111977096795   0.02280386307376066  0.002828471103962554  0.5288846366646694    0.065922507093943 65.0  0.044420540806016026
 -17.25193184135346  0.022102205748414178 0.0027846161826802925   0.581279872680178  0.07342714561431378 63.0  0.038479344464061455
-17.159847224105853   0.01613811848296908 0.0023794357577884622  0.5028485534947292  0.07452040817839875 46.0    0.0332478842791787
 -17.05850144072473   0.01508563249494936  0.002300537388042861  0.5359908398547111  0.08189937537697996 43.0  0.028497592083808643
-16.948109311591367  0.012279003193563433 0.0020755303585730358  0.5352311662121656  0.09081847083952585 35.0   0.02351745169943874
   -16.836330721777  0.012980660518909915 0.0021340074438634233  0.6628411255450454  0.10924950533257853 37.0  0.019650267757097016
 -16.73814624237567  0.009472373892177506 0.0018229592055044885  0.5860529224209078  0.11328745749633279 27.0  0.016440356987521974
 -16.64898133689124  0.011577345868216952   0.00201535723092759  0.8354714205192197   0.1458647542540093 33.0  0.014233359651233624
-16.557272790757715  0.011577345868216952   0.00201535723092759  0.9807747734225557  0.17111561723163476 33.0  0.011748184024985437
-16.457533287555453  0.012980660518909915 0.0021340074438634233  1.3682323198477073   0.2260812489650059 37.0  0.009856827436467704
 -16.35542173060181  0.011577345868216952   0.00201535723092759   1.460038144414246  0.25463136228067135 33.0   0.00787997781426617
-16.258053943921098  0.009121545229504265 0.0017888821968985163   1.479798951375457  0.29201941802513504 26.0  0.006359474861125017
  -16.1736565311367  0.002455800638712686 0.0009282053942267643   0.480512602137611  0.18192330761551545  7.0  0.005164046188948067
 -16.04352617198227 0.0010524859880197228 0.0006076530685014961  0.3004509571893707   0.1735663937774895  3.0   0.00354666180542417
                nan                   0.0                   0.0                 0.0                  0.0  0.0                   nan
-15.894236113006684 0.0003508286626732409 0.0003508286626732409  0.1741065127532679   0.1741065127532679  1.0  0.002015023201173478
-15.771159111866156 0.0010524859880197228 0.0006076530685014961  1.3723418730853187   0.8211815844832957  3.0 0.0008969211010103589
Length = 99 rows
Writing /global/cscratch1/sd/mjwilson/norberg/GAMA4//gama_gold_G9_ddp_n8_d0_3_lumfn.fits
Done.
