G15 False True
Generating Gold density-split LF.
Read /global/cscratch1/sd/mjwilson/norberg/GAMA4/randoms//randoms_bd_ddp_n8_G15_0.fits

Reading: /global/cscratch1/sd/mjwilson/norberg/GAMA4//gama_gold_G15_ddp_n8_d0_0.fits
Found fields: [b'G15']
Found redshift limits: 0.039 < z < 0.248
Retrieved area 60.0 [sq. deg.]
WARNING:  Found 0.000% with zmax < 0.0
Writing /global/cscratch1/sd/mjwilson/norberg/GAMA4//gama_gold_G15_ddp_n8_d0_0_vmax.fits.
Writing /global/cscratch1/sd/mjwilson/norberg/GAMA4//gama_gold_G15_ddp_n8_d0_0_lumfn.fits.
PROCESS CAT FINISHED.
Reading: /global/cscratch1/sd/mjwilson/norberg/GAMA4//gama_gold_G15_ddp_n8_d0_0_lumfn.fits
      MEDIAN_M              PHI_N               PHI_N_ERROR             PHI_IVMAX          PHI_IVMAX_ERROR      N         V_ON_VMAX      
------------------- ---------------------- ---------------------- --------------------- ---------------------- ---- ---------------------
                nan                    0.0                    0.0                   0.0                    0.0  0.0                   nan
                nan                    0.0                    0.0                   0.0                    0.0  0.0                   nan
                nan                    0.0                    0.0                   0.0                    0.0  0.0                   nan
                nan                    0.0                    0.0                   0.0                    0.0  0.0                   nan
                nan                    0.0                    0.0                   0.0                    0.0  0.0                   nan
                nan                    0.0                    0.0                   0.0                    0.0  0.0                   nan
                nan                    0.0                    0.0                   0.0                    0.0  0.0                   nan
                nan                    0.0                    0.0                   0.0                    0.0  0.0                   nan
                nan                    0.0                    0.0                   0.0                    0.0  0.0                   nan
                nan                    0.0                    0.0                   0.0                    0.0  0.0                   nan
                nan                    0.0                    0.0                   0.0                    0.0  0.0                   nan
                nan                    0.0                    0.0                   0.0                    0.0  0.0                   nan
                nan                    0.0                    0.0                   0.0                    0.0  0.0                   nan
                nan                    0.0                    0.0                   0.0                    0.0  0.0                   nan
                nan                    0.0                    0.0                   0.0                    0.0  0.0                   nan
                nan                    0.0                    0.0                   0.0                    0.0  0.0                   nan
                nan                    0.0                    0.0                   0.0                    0.0  0.0                   nan
                nan                    0.0                    0.0                   0.0                    0.0  0.0                   nan
                nan                    0.0                    0.0                   0.0                    0.0  0.0                   nan
                nan                    0.0                    0.0                   0.0                    0.0  0.0                   nan
                nan                    0.0                    0.0                   0.0                    0.0  0.0                   nan
                ...                    ...                    ...                   ...                    ...  ...                   ...
 -17.86582980555946  5.116553766387471e-05  1.542699005707907e-05 0.0005396237036295095  0.0001634705292897763 11.0   0.09749829496985032
 -17.74144864396413  4.186271263407931e-05 1.3954237544693102e-05 0.0005221852563322906 0.00017434358582030295  9.0   0.08134988746855105
 -17.64581567678893  4.186271263407931e-05 1.3954237544693102e-05 0.0005940764444118125  0.0001981500744053448  9.0   0.07166565421756255
-17.561761140468388  6.046836269367011e-05 1.6770906325798567e-05 0.0009907389517100542 0.00027549662694295157 13.0  0.062100731490610045
 -17.44981913992188 1.8605650059590804e-05  9.302825029795402e-06 0.0003452237483465945 0.00017278699916153194  4.0    0.0540292874598351
  -17.3468021890013  3.255988760428391e-05 1.2306480759592838e-05 0.0007465344600323988 0.00028348106460532904  7.0   0.04537587533062085
 -17.23504706688038  4.186271263407931e-05 1.3954237544693102e-05 0.0010971119255920275  0.0003659022663772383  9.0   0.03771695717805311
-17.133025666887473 2.3257062574488503e-05 1.0400874574704514e-05 0.0006976695383986754 0.00031228196681076423  5.0  0.033070765792310136
-17.045655024519675  3.721130011918161e-05  1.315618132552055e-05 0.0013144299768778642  0.0004649853890342766  8.0  0.028202524560865347
 -16.92070204753132 2.7908475089386205e-05 1.1393587244695225e-05 0.0012004360022554602  0.0004903309114731921  6.0   0.02282389396783094
-16.882030162319026  9.302825029795402e-06  6.578090662760275e-06 0.0004257785762082121 0.00030107181851548426  2.0  0.021849104600655415
 -16.73049617550975 1.8605650059590804e-05  9.302825029795402e-06 0.0011013938648785871  0.0005509782621089072  4.0   0.01700173345922562
 -16.64773627009072  3.255988760428391e-05 1.2306480759592838e-05  0.002228383752982935  0.0008437540433123127  7.0  0.014738668792876332
-16.573224386892278 1.3954237544693102e-05  8.056482802764545e-06 0.0010967447722322887  0.0006341717355725477  3.0  0.012865201125392588
-16.430777150827478 2.3257062574488503e-05 1.0400874574704514e-05 0.0023647281464459365  0.0010579165759027121  5.0  0.009827052614803008
-16.378993603481526  4.651412514897701e-06  4.651412514897701e-06 0.0005448033520344519  0.0005448033520344519  1.0  0.008537782481565124
-16.257965319344848 1.3954237544693102e-05  8.056482802764545e-06 0.0020297586139001065  0.0011725939934313448  3.0  0.006825007736907165
-16.104241714494194  4.651412514897701e-06  4.651412514897701e-06 0.0009961111222243494  0.0009961111222243494  1.0  0.004669571909317649
 -16.03331084244899 1.8605650059590804e-05  9.302825029795402e-06  0.004823997615641608   0.002422451009950233  4.0 0.0037822705547863396
-15.949469150264058  4.651412514897701e-06  4.651412514897701e-06 0.0016002174371443554  0.0016002174371443554  1.0 0.0029067378013317435
                nan                    0.0                    0.0                   0.0                    0.0  0.0                   nan
   -15.752584708355  9.302825029795402e-06  6.578090662760275e-06  0.008712923363967777   0.006338578557431638  2.0  0.001134031516874481
Length = 99 rows
Found d8 renormalisation scale of 0.161
      MEDIAN_M              PHI_N               PHI_N_ERROR             PHI_IVMAX          PHI_IVMAX_ERROR     N         V_ON_VMAX      
------------------- ---------------------- ---------------------- --------------------- --------------------- ---- ---------------------
                nan                    0.0                    0.0                   0.0                   0.0  0.0                   nan
                nan                    0.0                    0.0                   0.0                   0.0  0.0                   nan
                nan                    0.0                    0.0                   0.0                   0.0  0.0                   nan
                nan                    0.0                    0.0                   0.0                   0.0  0.0                   nan
                nan                    0.0                    0.0                   0.0                   0.0  0.0                   nan
                nan                    0.0                    0.0                   0.0                   0.0  0.0                   nan
                nan                    0.0                    0.0                   0.0                   0.0  0.0                   nan
                nan                    0.0                    0.0                   0.0                   0.0  0.0                   nan
                nan                    0.0                    0.0                   0.0                   0.0  0.0                   nan
                nan                    0.0                    0.0                   0.0                   0.0  0.0                   nan
                nan                    0.0                    0.0                   0.0                   0.0  0.0                   nan
                nan                    0.0                    0.0                   0.0                   0.0  0.0                   nan
                nan                    0.0                    0.0                   0.0                   0.0  0.0                   nan
                nan                    0.0                    0.0                   0.0                   0.0  0.0                   nan
                nan                    0.0                    0.0                   0.0                   0.0  0.0                   nan
                nan                    0.0                    0.0                   0.0                   0.0  0.0                   nan
                nan                    0.0                    0.0                   0.0                   0.0  0.0                   nan
                nan                    0.0                    0.0                   0.0                   0.0  0.0                   nan
                nan                    0.0                    0.0                   0.0                   0.0  0.0                   nan
                nan                    0.0                    0.0                   0.0                   0.0  0.0                   nan
                nan                    0.0                    0.0                   0.0                   0.0  0.0                   nan
                ...                    ...                    ...                   ...                   ...  ...                   ...
 -17.86582980555946 0.00031759357191832164  9.575806489834782e-05 0.0033495400879661394 0.0010146905841502505 11.0   0.09749829496985032
 -17.74144864396413 0.00025984928611499046  8.661642870499681e-05  0.003241296551032812 0.0010821815755258366  9.0   0.08134988746855105
 -17.64581567678893 0.00025984928611499046  8.661642870499681e-05 0.0036875379129749117 0.0012299526747806865  9.0   0.07166565421756255
-17.561761140468388  0.0003753378577216528 0.00010409999166447897  0.006149692485971258 0.0017100564520020202 13.0  0.062100731490610045
 -17.44981913992188 0.00011548857160666242  5.774428580333121e-05 0.0021428650680600267 0.0010725195659089899  4.0    0.0540292874598351
  -17.3468021890013 0.00020210500031165923    7.6388509935326e-05  0.004633871870542367 0.0017596172734598591  7.0   0.04537587533062085
 -17.23504706688038 0.00025984928611499046  8.661642870499681e-05  0.006809968411393671  0.002271220299006157  9.0   0.03771695717805311
-17.133025666887473   0.000144360714508328  6.456007418421233e-05  0.004330558630581628 0.0019383895843458373  5.0  0.033070765792310136
-17.045655024519675 0.00023097714321332485  8.166275213261917e-05  0.008158900120146698  0.002886246824246563  8.0  0.028202524560865347
 -16.92070204753132 0.00017323285740999361  7.072201788980004e-05 0.0074513192907350815  0.003043570979743409  6.0   0.02282389396783094
-16.882030162319026  5.774428580333121e-05 4.0831376066309586e-05   0.00264288317954564  0.001868806204567425  2.0  0.021849104600655415
 -16.73049617550975 0.00011548857160666242  5.774428580333121e-05  0.006836547168401751 0.0034200198473838435  4.0   0.01700173345922562
 -16.64773627009072 0.00020210500031165923    7.6388509935326e-05  0.013831973395137198  0.005237331076172464  7.0  0.014738668792876332
-16.573224386892278  8.661642870499681e-05 5.0008018429073934e-05  0.006807689425336156  0.003936416500365069  3.0  0.012865201125392588
-16.430777150827478   0.000144360714508328  6.456007418421233e-05  0.014678287240511387  0.006566675920416754  5.0  0.009827052614803008
-16.378993603481526 2.8872142901665606e-05 2.8872142901665606e-05 0.0033816910847760126 0.0033816910847760126  1.0  0.008537782481565124
-16.257965319344848  8.661642870499681e-05 5.0008018429073934e-05  0.012599071909600228   0.00727849900122847  3.0  0.006825007736907165
-16.104241714494194 2.8872142901665606e-05 2.8872142901665606e-05  0.006183038501678114  0.006183038501678114  1.0  0.004669571909317649
 -16.03331084244899 0.00011548857160666242  5.774428580333121e-05   0.02994340924826828  0.015036583297558918  4.0 0.0037822705547863396
-15.949469150264058 2.8872142901665606e-05 2.8872142901665606e-05  0.009932833600759455  0.009932833600759455  1.0 0.0029067378013317435
                nan                    0.0                    0.0                   0.0                   0.0  0.0                   nan
   -15.752584708355  5.774428580333121e-05 4.0831376066309586e-05  0.054082661481868424  0.039344681925641806  2.0  0.001134031516874481
Length = 99 rows
Writing /global/cscratch1/sd/mjwilson/norberg/GAMA4//gama_gold_G15_ddp_n8_d0_0_lumfn.fits

Reading: /global/cscratch1/sd/mjwilson/norberg/GAMA4//gama_gold_G15_ddp_n8_d0_1.fits
Found fields: [b'G15']
Found redshift limits: 0.039 < z < 0.248
Retrieved area 60.0 [sq. deg.]
WARNING:  Found 0.000% with zmax < 0.0
Writing /global/cscratch1/sd/mjwilson/norberg/GAMA4//gama_gold_G15_ddp_n8_d0_1_vmax.fits.
Writing /global/cscratch1/sd/mjwilson/norberg/GAMA4//gama_gold_G15_ddp_n8_d0_1_lumfn.fits.
PROCESS CAT FINISHED.
Reading: /global/cscratch1/sd/mjwilson/norberg/GAMA4//gama_gold_G15_ddp_n8_d0_1_lumfn.fits
      MEDIAN_M              PHI_N               PHI_N_ERROR             PHI_IVMAX          PHI_IVMAX_ERROR      N         V_ON_VMAX      
------------------- ---------------------- ---------------------- --------------------- ---------------------- ---- ---------------------
                nan                    0.0                    0.0                   0.0                    0.0  0.0                   nan
                nan                    0.0                    0.0                   0.0                    0.0  0.0                   nan
                nan                    0.0                    0.0                   0.0                    0.0  0.0                   nan
                nan                    0.0                    0.0                   0.0                    0.0  0.0                   nan
                nan                    0.0                    0.0                   0.0                    0.0  0.0                   nan
                nan                    0.0                    0.0                   0.0                    0.0  0.0                   nan
                nan                    0.0                    0.0                   0.0                    0.0  0.0                   nan
                nan                    0.0                    0.0                   0.0                    0.0  0.0                   nan
                nan                    0.0                    0.0                   0.0                    0.0  0.0                   nan
                nan                    0.0                    0.0                   0.0                    0.0  0.0                   nan
                nan                    0.0                    0.0                   0.0                    0.0  0.0                   nan
                nan                    0.0                    0.0                   0.0                    0.0  0.0                   nan
                nan                    0.0                    0.0                   0.0                    0.0  0.0                   nan
                nan                    0.0                    0.0                   0.0                    0.0  0.0                   nan
                nan                    0.0                    0.0                   0.0                    0.0  0.0                   nan
                nan                    0.0                    0.0                   0.0                    0.0  0.0                   nan
                nan                    0.0                    0.0                   0.0                    0.0  0.0                   nan
                nan                    0.0                    0.0                   0.0                    0.0  0.0                   nan
                nan                    0.0                    0.0                   0.0                    0.0  0.0                   nan
                nan                    0.0                    0.0                   0.0                    0.0  0.0                   nan
                nan                    0.0                    0.0                   0.0                    0.0  0.0                   nan
                ...                    ...                    ...                   ...                    ...  ...                   ...
 -17.85136137397035   7.44099976387249e-05 1.8602499409681225e-05 0.0007960206576673784 0.00019957438848238217 16.0   0.09382207688765848
-17.774773283824718 5.1156873376623365e-05 1.5424377676180108e-05 0.0006077291698989512 0.00018356525003302777 11.0   0.08290656914490913
-17.665212941176076 5.1156873376623365e-05 1.5424377676180108e-05 0.0007107562318549395  0.0002146251633161607 11.0   0.07292865074517359
-17.544798051369177  6.510874793388429e-05 1.7401044832172908e-05  0.001074097131472094  0.0002872800899100518 14.0  0.060687952103802754
-17.470459290269673  5.580749822904367e-05  1.611023706266896e-05 0.0010506983934884387 0.00030368026784722597 12.0   0.05412048341649135
-17.361509358077498  5.580749822904367e-05  1.611023706266896e-05 0.0012281656584726757  0.0003551165125942734 12.0  0.046293339804606676
-17.250994725992765  6.975937278630459e-05 1.8011792602882172e-05  0.001833195179783353 0.00047601606203783033 15.0   0.03922721335027198
-17.166985024919132 5.1156873376623365e-05 1.5424377676180108e-05 0.0015210418013311678   0.000461221335256701 11.0   0.03483957577802526
-17.030768162279575 3.2554373966942144e-05 1.2304396800560594e-05  0.001154196719450504 0.00043674836596461857  7.0  0.027532378666258617
-16.948701880923412  5.580749822904367e-05  1.611023706266896e-05 0.0022899557260323373  0.0006617572290933613 12.0   0.02436278341290932
 -16.87150288380714 1.3951874557260918e-05   8.05511853133448e-06 0.0006570166883804456  0.0003793465433781584  3.0   0.02115883037290487
-16.782401386561105  9.301249704840612e-06   6.57697673980217e-06  0.000549684591405272  0.0003894655555546962  2.0   0.01698930943579647
-16.643674140297463 1.8602499409681225e-05  9.301249704840612e-06 0.0012779684493705503  0.0006401126949775523  4.0  0.014507997383084155
-16.568445024967147 1.8602499409681225e-05  9.301249704840612e-06 0.0015130362050189178  0.0007578202212539049  4.0  0.012505038419579107
 -16.45148413490669  2.325312426210153e-05 1.0399113307861733e-05 0.0023897909954917872   0.001069771884602469  5.0  0.009530535898626237
 -16.38273104137842 1.8602499409681225e-05  9.301249704840612e-06 0.0021374363389402625   0.001070556444023397  4.0  0.008909475135399116
 -16.23965885231288 1.3951874557260918e-05   8.05511853133448e-06 0.0021715447472067644  0.0012539588555222183  3.0  0.006376720420372625
  -16.1685264871627  9.301249704840612e-06   6.57697673980217e-06  0.001678251462154287  0.0011869228489949006  2.0   0.00554428104652389
 -16.00549581155978  4.650624852420306e-06  4.650624852420306e-06 0.0013187832200978243  0.0013187832200978243  1.0 0.0035264513390421614
-15.980592987817111  9.301249704840612e-06   6.57697673980217e-06  0.002884129217724698   0.002040957853264716  2.0  0.003229953430606198
                nan                    0.0                    0.0                   0.0                    0.0  0.0                   nan
                nan                    0.0                    0.0                   0.0                    0.0  0.0                   nan
Length = 99 rows
Found d8 renormalisation scale of 0.155
      MEDIAN_M              PHI_N               PHI_N_ERROR            PHI_IVMAX          PHI_IVMAX_ERROR     N         V_ON_VMAX      
------------------- ---------------------- ---------------------- -------------------- --------------------- ---- ---------------------
                nan                    0.0                    0.0                  0.0                   0.0  0.0                   nan
                nan                    0.0                    0.0                  0.0                   0.0  0.0                   nan
                nan                    0.0                    0.0                  0.0                   0.0  0.0                   nan
                nan                    0.0                    0.0                  0.0                   0.0  0.0                   nan
                nan                    0.0                    0.0                  0.0                   0.0  0.0                   nan
                nan                    0.0                    0.0                  0.0                   0.0  0.0                   nan
                nan                    0.0                    0.0                  0.0                   0.0  0.0                   nan
                nan                    0.0                    0.0                  0.0                   0.0  0.0                   nan
                nan                    0.0                    0.0                  0.0                   0.0  0.0                   nan
                nan                    0.0                    0.0                  0.0                   0.0  0.0                   nan
                nan                    0.0                    0.0                  0.0                   0.0  0.0                   nan
                nan                    0.0                    0.0                  0.0                   0.0  0.0                   nan
                nan                    0.0                    0.0                  0.0                   0.0  0.0                   nan
                nan                    0.0                    0.0                  0.0                   0.0  0.0                   nan
                nan                    0.0                    0.0                  0.0                   0.0  0.0                   nan
                nan                    0.0                    0.0                  0.0                   0.0  0.0                   nan
                nan                    0.0                    0.0                  0.0                   0.0  0.0                   nan
                nan                    0.0                    0.0                  0.0                   0.0  0.0                   nan
                nan                    0.0                    0.0                  0.0                   0.0  0.0                   nan
                nan                    0.0                    0.0                  0.0                   0.0  0.0                   nan
                nan                    0.0                    0.0                  0.0                   0.0  0.0                   nan
                ...                    ...                    ...                  ...                   ...  ...                   ...
 -17.85136137397035  0.0004809607688732509 0.00012024019221831272 0.005145205210320362 0.0012899805722066174 16.0   0.09382207688765848
-17.774773283824718 0.00033066052860035997  9.969790057708859e-05 0.003928153448417592  0.001186502978039988 11.0   0.08290656914490913
-17.665212941176076 0.00033066052860035997  9.969790057708859e-05 0.004594085131061755 0.0013872636318209752 11.0   0.07292865074517359
-17.544798051369177 0.00042084067276409456 0.00011247440085019209   0.0069425964062727 0.0018568802218750194 14.0  0.060687952103802754
-17.470459290269673 0.00036072057665493813 0.00010413106101698278 0.006791354968718538 0.0019628853615152385 12.0   0.05412048341649135
-17.361509358077498 0.00036072057665493813 0.00010413106101698278 0.007938442657540486 0.0022953516510803105 12.0  0.046293339804606676
-17.250994725992765 0.00045090072081867266 0.00011642206550157596 0.011849146501040632 0.0030768049786173224 15.0   0.03922721335027198
-17.166985024919132 0.00033066052860035997  9.969790057708859e-05 0.009831493851249222 0.0029811769260205505 11.0   0.03483957577802526
-17.030768162279575 0.00021042033638204728  7.953141155106483e-05 0.007460332740677278 0.0028229920247861803  7.0  0.027532378666258617
-16.948701880923412 0.00036072057665493813 0.00010413106101698278 0.014801490412963409  0.004277372339903614 12.0   0.02436278341290932
 -16.87150288380714  9.018014416373453e-05  5.206553050849139e-05 0.004246731106487255 0.0024519662809076204  3.0   0.02115883037290487
-16.782401386561105  6.012009610915636e-05  4.251132764437143e-05  0.00355297315024332 0.0025173721138750517  2.0   0.01698930943579647
-16.643674140297463 0.00012024019221831272  6.012009610915636e-05  0.00826035086023353  0.004137469476033274  4.0  0.014507997383084155
-16.568445024967147 0.00012024019221831272  6.012009610915636e-05 0.009779748415423208  0.004898290657817323  4.0  0.012505038419579107
 -16.45148413490669  0.0001503002402728909  6.721631085694713e-05 0.015446791440830878  0.006914639490186214  5.0  0.009530535898626237
 -16.38273104137842 0.00012024019221831272  6.012009610915636e-05 0.013815657272099217  0.006919710613883171  4.0  0.008909475135399116
 -16.23965885231288  9.018014416373453e-05  5.206553050849139e-05 0.014036122354554238  0.008105161059345556  3.0  0.006376720420372625
  -16.1685264871627  6.012009610915636e-05  4.251132764437143e-05  0.01084764331695543  0.007671863246353938  2.0   0.00554428104652389
 -16.00549581155978  3.006004805457818e-05  3.006004805457818e-05 0.008524163575370064  0.008524163575370064  1.0 0.0035264513390421614
-15.980592987817111  6.012009610915636e-05  4.251132764437143e-05 0.018642024594888146  0.013192053346245996  2.0  0.003229953430606198
                nan                    0.0                    0.0                  0.0                   0.0  0.0                   nan
                nan                    0.0                    0.0                  0.0                   0.0  0.0                   nan
Length = 99 rows
Writing /global/cscratch1/sd/mjwilson/norberg/GAMA4//gama_gold_G15_ddp_n8_d0_1_lumfn.fits

Reading: /global/cscratch1/sd/mjwilson/norberg/GAMA4//gama_gold_G15_ddp_n8_d0_2.fits
Found fields: [b'G15']
Found redshift limits: 0.040 < z < 0.248
Retrieved area 60.0 [sq. deg.]
WARNING:  Found 0.048% with zmax < 0.0
Writing /global/cscratch1/sd/mjwilson/norberg/GAMA4//gama_gold_G15_ddp_n8_d0_2_vmax.fits.
Writing /global/cscratch1/sd/mjwilson/norberg/GAMA4//gama_gold_G15_ddp_n8_d0_2_lumfn.fits.
PROCESS CAT FINISHED.
Reading: /global/cscratch1/sd/mjwilson/norberg/GAMA4//gama_gold_G15_ddp_n8_d0_2_lumfn.fits
      MEDIAN_M              PHI_N               PHI_N_ERROR             PHI_IVMAX          PHI_IVMAX_ERROR      N        V_ON_VMAX      
------------------- ---------------------- ---------------------- --------------------- ---------------------- ---- --------------------
                nan                    0.0                    0.0                   0.0                    0.0  0.0                  nan
                nan                    0.0                    0.0                   0.0                    0.0  0.0                  nan
                nan                    0.0                    0.0                   0.0                    0.0  0.0                  nan
                nan                    0.0                    0.0                   0.0                    0.0  0.0                  nan
                nan                    0.0                    0.0                   0.0                    0.0  0.0                  nan
                nan                    0.0                    0.0                   0.0                    0.0  0.0                  nan
                nan                    0.0                    0.0                   0.0                    0.0  0.0                  nan
                nan                    0.0                    0.0                   0.0                    0.0  0.0                  nan
                nan                    0.0                    0.0                   0.0                    0.0  0.0                  nan
                nan                    0.0                    0.0                   0.0                    0.0  0.0                  nan
                nan                    0.0                    0.0                   0.0                    0.0  0.0                  nan
                nan                    0.0                    0.0                   0.0                    0.0  0.0                  nan
                nan                    0.0                    0.0                   0.0                    0.0  0.0                  nan
                nan                    0.0                    0.0                   0.0                    0.0  0.0                  nan
                nan                    0.0                    0.0                   0.0                    0.0  0.0                  nan
                nan                    0.0                    0.0                   0.0                    0.0  0.0                  nan
                nan                    0.0                    0.0                   0.0                    0.0  0.0                  nan
                nan                    0.0                    0.0                   0.0                    0.0  0.0                  nan
                nan                    0.0                    0.0                   0.0                    0.0  0.0                  nan
                nan                    0.0                    0.0                   0.0                    0.0  0.0                  nan
                nan                    0.0                    0.0                   0.0                    0.0  0.0                  nan
                ...                    ...                    ...                   ...                    ...  ...                  ...
  -17.8595841375153  0.0001163445388469565 2.3268907769391298e-05 0.0012427824345754635  0.0002492178573194531 25.0  0.09405496079429537
 -17.74695884670317  0.0001163445388469565 2.3268907769391298e-05 0.0014797663000331968 0.00029706614037556444 25.0  0.07932202895790905
-17.664450611082405 0.00011169075729307823 2.2798780362756715e-05 0.0015704095871133205 0.00032074922787252136 24.0  0.07095800420540438
 -17.56049170655541  8.842184952368694e-05 2.0285363498669024e-05 0.0015041596111151415  0.0003465268591612631 19.0  0.06043151335534812
-17.434942530929433  8.376806796980867e-05  1.974432296944911e-05 0.0016340163748727306 0.00038595675969280846 18.0  0.05072226226475616
-17.362431876451772  7.446050486205216e-05  1.861512621551304e-05 0.0017219932535786967   0.000433027342991149 16.0  0.04489939868107061
 -17.23576563610787   6.98067233081739e-05 1.8024018455057776e-05 0.0018281124746547409  0.0004726462396069635 15.0 0.038527364382599814
  -17.1357983041215 5.5845378646539116e-05 1.6121172197287967e-05 0.0016980629160109964  0.0004905007679474194 12.0  0.03284276642678741
-17.055143930128608 4.6537815538782595e-05 1.4716549443132909e-05 0.0016665483448345985  0.0005291661193539178 10.0  0.02789498406115751
-16.983687340943796  1.861512621551304e-05   9.30756310775652e-06 0.0007536274784326931 0.00037722790535872923  4.0 0.025148981775151808
-16.814014239350804  1.861512621551304e-05   9.30756310775652e-06  0.000962745133857642  0.0004814485620462463  4.0 0.019276429171099913
 -16.72682914593935 1.3961344661634779e-05  8.060586098643984e-06 0.0008330757724330016  0.0004813431497348338  3.0 0.016599499769111452
-16.622959281626123 1.3961344661634779e-05  8.060586098643984e-06 0.0009674911398338045  0.0005595792567482583  3.0 0.013911390622335313
-16.528178967831813 2.3268907769391298e-05  1.040617190690639e-05  0.002001633401172888  0.0008962378614494761  5.0 0.011474482075181577
-16.447969913542085 2.3268907769391298e-05  1.040617190690639e-05 0.0024203133893892213  0.0010845290915673896  5.0 0.009894790628294762
 -16.31300356989683   9.30756310775652e-06  6.581440989816372e-06 0.0012828026965816136  0.0009072527991461703  2.0 0.007258436644083165
 -16.27461579636276  1.861512621551304e-05   9.30756310775652e-06  0.002830533845360666  0.0014179577396435737  4.0 0.006783196087800584
-16.174963513721586   4.65378155387826e-06   4.65378155387826e-06 0.0008999953332474694  0.0008999953332474692  1.0 0.005170895205740608
-16.039452679538535   9.30756310775652e-06  6.581440989816372e-06  0.002659477556542076  0.0018914692551402713  2.0 0.003541071120048195
                nan                    0.0                    0.0                   0.0                    0.0  0.0                  nan
                nan                    0.0                    0.0                   0.0                    0.0  0.0                  nan
                nan                    0.0                    0.0                   0.0                    0.0  0.0                  nan
Length = 99 rows
Found d8 renormalisation scale of 0.093
      MEDIAN_M              PHI_N               PHI_N_ERROR            PHI_IVMAX          PHI_IVMAX_ERROR     N        V_ON_VMAX      
------------------- ---------------------- ---------------------- -------------------- --------------------- ---- --------------------
                nan                    0.0                    0.0                  0.0                   0.0  0.0                  nan
                nan                    0.0                    0.0                  0.0                   0.0  0.0                  nan
                nan                    0.0                    0.0                  0.0                   0.0  0.0                  nan
                nan                    0.0                    0.0                  0.0                   0.0  0.0                  nan
                nan                    0.0                    0.0                  0.0                   0.0  0.0                  nan
                nan                    0.0                    0.0                  0.0                   0.0  0.0                  nan
                nan                    0.0                    0.0                  0.0                   0.0  0.0                  nan
                nan                    0.0                    0.0                  0.0                   0.0  0.0                  nan
                nan                    0.0                    0.0                  0.0                   0.0  0.0                  nan
                nan                    0.0                    0.0                  0.0                   0.0  0.0                  nan
                nan                    0.0                    0.0                  0.0                   0.0  0.0                  nan
                nan                    0.0                    0.0                  0.0                   0.0  0.0                  nan
                nan                    0.0                    0.0                  0.0                   0.0  0.0                  nan
                nan                    0.0                    0.0                  0.0                   0.0  0.0                  nan
                nan                    0.0                    0.0                  0.0                   0.0  0.0                  nan
                nan                    0.0                    0.0                  0.0                   0.0  0.0                  nan
                nan                    0.0                    0.0                  0.0                   0.0  0.0                  nan
                nan                    0.0                    0.0                  0.0                   0.0  0.0                  nan
                nan                    0.0                    0.0                  0.0                   0.0  0.0                  nan
                nan                    0.0                    0.0                  0.0                   0.0  0.0                  nan
                nan                    0.0                    0.0                  0.0                   0.0  0.0                  nan
                ...                    ...                    ...                  ...                   ...  ...                  ...
  -17.8595841375153  0.0012486055354945346  0.0002497211070989069 0.013337497768309654 0.0026745973577881983 25.0  0.09405496079429537
 -17.74695884670317  0.0012486055354945346  0.0002497211070989069 0.015880800351877018 0.0031881034637031374 25.0  0.07932202895790905
-17.664450611082405  0.0011986613140747531  0.0002446757161580928 0.016853580949276095 0.0034422695332012535 24.0  0.07095800420540438
 -17.56049170655541  0.0009489402069758463 0.00021770181398264658  0.01614258851613302 0.0037189141736634823 19.0  0.06043151335534812
-17.434942530929433  0.0008989959855560648 0.00021189538588205898 0.017536206778374072 0.0041420744917635725 18.0  0.05072226226475616
-17.362431876451772  0.0007991075427165022 0.00019977688567912556 0.018480371574044446  0.004647234350986324 16.0  0.04489939868107061
 -17.23576563610787  0.0007491633212967207 0.00019343313779810907  0.01961923935564452  0.005072422968474972 15.0 0.038527364382599814
  -17.1357983041215  0.0005993306570373766  0.0001730118580870623 0.018223552025405484  0.005264037144271075 12.0  0.03284276642678741
-17.055143930128608  0.0004994422141978138 0.00015793749565027774  0.01788533874604092   0.00567899234781098 10.0  0.02789498406115751
-16.983687340943796 0.00019977688567912556  9.988844283956278e-05 0.008087903829415231  0.004048396731311115  4.0 0.025148981775151808
-16.814014239350804 0.00019977688567912556  9.988844283956278e-05 0.010332147218240698  0.005166889186071603  4.0 0.019276429171099913
 -16.72682914593935 0.00014983266425934414  8.650592904353115e-05 0.008940540151304589  0.005165757904819872  3.0 0.016599499769111452
-16.622959281626123 0.00014983266425934414  8.650592904353115e-05 0.010383081188945776  0.006005385078219082  3.0 0.013911390622335313
-16.528178967831813  0.0002497211070989069 0.00011167867417793225  0.02148145989063413  0.009618393488994204  5.0 0.011474482075181577
-16.447969913542085  0.0002497211070989069 0.00011167867417793225  0.02597471893028157   0.01163912840736938  5.0 0.009894790628294762
 -16.31300356989683  9.988844283956278e-05  7.063179529401967e-05 0.013766993825177026  0.009736605416408447  2.0 0.007258436644083165
 -16.27461579636276 0.00019977688567912556  9.988844283956278e-05 0.030377190564750016  0.015217473036230946  4.0 0.006783196087800584
-16.174963513721586  4.994422141978139e-05  4.994422141978139e-05 0.009658718545356416  0.009658718545356415  1.0 0.005170895205740608
-16.039452679538535  9.988844283956278e-05  7.063179529401967e-05   0.0285414204356424    0.0202991821153937  2.0 0.003541071120048195
                nan                    0.0                    0.0                  0.0                   0.0  0.0                  nan
                nan                    0.0                    0.0                  0.0                   0.0  0.0                  nan
                nan                    0.0                    0.0                  0.0                   0.0  0.0                  nan
Length = 99 rows
Writing /global/cscratch1/sd/mjwilson/norberg/GAMA4//gama_gold_G15_ddp_n8_d0_2_lumfn.fits

Reading: /global/cscratch1/sd/mjwilson/norberg/GAMA4//gama_gold_G15_ddp_n8_d0_3.fits
Found fields: [b'G15']
Found redshift limits: 0.041 < z < 0.246
Retrieved area 60.0 [sq. deg.]
WARNING:  Found 0.044% with zmax < 0.0
Writing /global/cscratch1/sd/mjwilson/norberg/GAMA4//gama_gold_G15_ddp_n8_d0_3_vmax.fits.
Writing /global/cscratch1/sd/mjwilson/norberg/GAMA4//gama_gold_G15_ddp_n8_d0_3_lumfn.fits.
PROCESS CAT FINISHED.
Reading: /global/cscratch1/sd/mjwilson/norberg/GAMA4//gama_gold_G15_ddp_n8_d0_3_lumfn.fits
      MEDIAN_M              PHI_N               PHI_N_ERROR             PHI_IVMAX          PHI_IVMAX_ERROR      N         V_ON_VMAX      
------------------- ---------------------- ---------------------- --------------------- ---------------------- ---- ---------------------
                nan                    0.0                    0.0                   0.0                    0.0  0.0                   nan
                nan                    0.0                    0.0                   0.0                    0.0  0.0                   nan
                nan                    0.0                    0.0                   0.0                    0.0  0.0                   nan
                nan                    0.0                    0.0                   0.0                    0.0  0.0                   nan
                nan                    0.0                    0.0                   0.0                    0.0  0.0                   nan
                nan                    0.0                    0.0                   0.0                    0.0  0.0                   nan
                nan                    0.0                    0.0                   0.0                    0.0  0.0                   nan
                nan                    0.0                    0.0                   0.0                    0.0  0.0                   nan
                nan                    0.0                    0.0                   0.0                    0.0  0.0                   nan
                nan                    0.0                    0.0                   0.0                    0.0  0.0                   nan
                nan                    0.0                    0.0                   0.0                    0.0  0.0                   nan
                nan                    0.0                    0.0                   0.0                    0.0  0.0                   nan
                nan                    0.0                    0.0                   0.0                    0.0  0.0                   nan
                nan                    0.0                    0.0                   0.0                    0.0  0.0                   nan
                nan                    0.0                    0.0                   0.0                    0.0  0.0                   nan
                nan                    0.0                    0.0                   0.0                    0.0  0.0                   nan
                nan                    0.0                    0.0                   0.0                    0.0  0.0                   nan
                nan                    0.0                    0.0                   0.0                    0.0  0.0                   nan
                nan                    0.0                    0.0                   0.0                    0.0  0.0                   nan
                nan                    0.0                    0.0                   0.0                    0.0  0.0                   nan
                nan                    0.0                    0.0                   0.0                    0.0  0.0                   nan
                ...                    ...                    ...                   ...                    ...  ...                   ...
-17.855291875055812  0.0003004317211597153   3.78508390544623e-05 0.0033079729116408086 0.00041945118615330267 63.0   0.09325829601840481
-17.743903708044677  0.0002956629636809897 3.7549233936738405e-05 0.0037895137308438676 0.00048488353673299765 62.0    0.0807324641404776
 -17.65912024067427 0.00028135669124481277 3.6629521230330074e-05  0.004175166749143563  0.0005473451785223459 59.0   0.06937975055085066
-17.556050607684625 0.00022890035897883072  3.303892096850747e-05 0.0038598893163986946  0.0005600522041572174 48.0   0.06035640657991664
 -17.45085712561748 0.00028135669124481277 3.6629521230330074e-05  0.005505857954393032  0.0007201438922580134 59.0   0.05269149578969939
-17.346948610191443 0.00029089420620226407  3.724518655269436e-05  0.006535327264811437  0.0008392662318623744 61.0  0.045285623825526186
-17.249670148793435  0.0002479753888937333  3.438799921959534e-05    0.0065666688320612   0.000914341134065938 52.0   0.03801595041267201
-17.151963461816543 0.00024320663141500764  3.405574022739761e-05 0.0074519731225527715  0.0010477911321552717 51.0   0.03314491511515302
-17.050594722192063  0.0001907502991490256 3.0160270483469955e-05  0.006895373404285628   0.001093744916494175 40.0  0.028137577086128164
-16.938170007018357 0.00020028781410647687  3.090508067321411e-05  0.008738075460679486  0.0013544868169257595 42.0  0.023343072699277347
 -16.84094453850476  0.0002527441463724589 3.4717078480450965e-05  0.012706983033943716  0.0017500842684653362 53.0   0.02007553162532106
-16.765493312056343 0.00021459408654265382  3.198979767192311e-05   0.01251110289339896  0.0018709727626123392 45.0   0.01751206887928239
-16.657135669098558 0.00018121278419157432 2.9396595378619366e-05  0.012820559648343012  0.0020868949174206505 38.0  0.014285373227107365
-16.550078632050067 0.00024320663141500764  3.405574022739761e-05  0.020868639262987577   0.002932261784476351 51.0  0.011672886258694498
  -16.4548449496194 0.00023366911645755637  3.338130235107948e-05   0.02522171760516901   0.003616808869732571 49.0  0.009111652498541373
-16.368201667191336 0.00022890035897883072  3.303892096850747e-05   0.02929933737462299   0.004242446188381064 48.0  0.007953749331772115
 -16.27101051348568  6.199384722343332e-05  1.719399960979767e-05  0.010162383424765784   0.002828331841739135 13.0 0.0063325217850042055
 -16.17242433919671  1.430627243617692e-05  8.259730242126867e-06  0.003075475479125853   0.001783828280534571  3.0  0.004941810115297413
  -16.0364537736199  1.430627243617692e-05  8.259730242126867e-06   0.00455740060110442  0.0026330132992283713  3.0 0.0031491308925336177
-15.947351778920833  3.338130235107948e-05 1.2616946351487435e-05   0.01484787336114669  0.0056757924550064984  7.0 0.0022843398817323007
 -15.81915174837022  1.430627243617692e-05  8.259730242126867e-06  0.014266111846873259   0.008339948739778346  3.0  0.001019161288290543
-15.774172226965995   4.76875747872564e-06   4.76875747872564e-06  0.007565974897310514   0.007565974897310514  1.0 0.0006302898890691266
Length = 99 rows
Found d8 renormalisation scale of 0.013
      MEDIAN_M              PHI_N              PHI_N_ERROR           PHI_IVMAX        PHI_IVMAX_ERROR     N         V_ON_VMAX      
------------------- --------------------- --------------------- ------------------- -------------------- ---- ---------------------
                nan                   0.0                   0.0                 0.0                  0.0  0.0                   nan
                nan                   0.0                   0.0                 0.0                  0.0  0.0                   nan
                nan                   0.0                   0.0                 0.0                  0.0  0.0                   nan
                nan                   0.0                   0.0                 0.0                  0.0  0.0                   nan
                nan                   0.0                   0.0                 0.0                  0.0  0.0                   nan
                nan                   0.0                   0.0                 0.0                  0.0  0.0                   nan
                nan                   0.0                   0.0                 0.0                  0.0  0.0                   nan
                nan                   0.0                   0.0                 0.0                  0.0  0.0                   nan
                nan                   0.0                   0.0                 0.0                  0.0  0.0                   nan
                nan                   0.0                   0.0                 0.0                  0.0  0.0                   nan
                nan                   0.0                   0.0                 0.0                  0.0  0.0                   nan
                nan                   0.0                   0.0                 0.0                  0.0  0.0                   nan
                nan                   0.0                   0.0                 0.0                  0.0  0.0                   nan
                nan                   0.0                   0.0                 0.0                  0.0  0.0                   nan
                nan                   0.0                   0.0                 0.0                  0.0  0.0                   nan
                nan                   0.0                   0.0                 0.0                  0.0  0.0                   nan
                nan                   0.0                   0.0                 0.0                  0.0  0.0                   nan
                nan                   0.0                   0.0                 0.0                  0.0  0.0                   nan
                nan                   0.0                   0.0                 0.0                  0.0  0.0                   nan
                nan                   0.0                   0.0                 0.0                  0.0  0.0                   nan
                nan                   0.0                   0.0                 0.0                  0.0  0.0                   nan
                ...                   ...                   ...                 ...                  ...  ...                   ...
-17.855291875055812  0.022654359675686294 0.0028541810387274196 0.24944106384125314  0.03162914355657706 63.0   0.09325829601840481
-17.743903708044677  0.022294766664961115 0.0028314381978896755  0.2857521393649702 0.036563136540859756 62.0    0.0807324641404776
 -17.65912024067427  0.021215987632785576 0.0027620863252949815  0.3148326976790196   0.0412731202055924 59.0   0.06937975055085066
-17.556050607684625  0.017260464514808605 0.0024913334584906826  0.2910588820131559  0.04223130640520315 48.0   0.06035640657991664
 -17.45085712561748  0.021215987632785576 0.0027620863252949815  0.4151748222210808   0.0543031830676384 59.0   0.05269149578969939
-17.346948610191443   0.02193517365423594  0.002808511195474629 0.49280300323762827   0.0632857243132474 61.0  0.045285623825526186
-17.249670148793435  0.018698836557709323 0.0025930620769362123 0.49516634601160375  0.06894682371570476 52.0   0.03801595041267201
-17.151963461816543  0.018339243546984144  0.002568007749498109  0.5619236169875343  0.07900975663026279 51.0   0.03314491511515302
-17.050594722192063  0.014383720429007171  0.002274265889137846  0.5199526487943783  0.08247494850432255 40.0  0.028137577086128164
-16.938170007018357  0.015102906450457528 0.0023304290594696837  0.6589034726272606  0.10213645685669408 42.0  0.023343072699277347
 -16.84094453850476  0.019058429568434503 0.0026178766334965333  0.9581829872444392  0.13196688527939074 53.0   0.02007553162532106
-16.765493312056343   0.01618168548263307 0.0024122232486459352  0.9434124459044793   0.1410826052056577 45.0   0.01751206887928239
-16.657135669098558  0.013664534407556812 0.0022166801906840683  0.9667473474372182  0.15736443502740363 38.0  0.014285373227107365
-16.550078632050067  0.018339243546984144  0.002568007749498109  1.5736209811031843  0.22111018394586335 51.0  0.011672886258694498
  -16.4548449496194  0.017620057525533785  0.002517151075076255  1.9018692835112783   0.2727291535555763 49.0  0.009111652498541373
-16.368201667191336  0.017260464514808605 0.0024913334584906826  2.2093463519157517  0.31990597226327877 48.0  0.007953749331772115
 -16.27101051348568  0.004674709139427331 0.0012965310384681062  0.7663048641407814  0.21327324084693308 13.0 0.0063325217850042055
 -16.17242433919671 0.0010787790321755378 0.0006228333646226706  0.2319093583358038  0.13451138684988484  3.0  0.004941810115297413
  -16.0364537736199 0.0010787790321755378 0.0006228333646226706 0.34365543027569123  0.19854504737825024  3.0 0.0031491308925336177
-15.947351778920833  0.002517151075076255 0.0009513936795758066   1.119619001096219   0.4279889061778112  7.0 0.0022843398817323007
 -15.81915174837022 0.0010787790321755378 0.0006228333646226706  1.0757506820686962   0.6288823220743829  3.0  0.001019161288290543
-15.774172226965995 0.0003595930107251793 0.0003595930107251793  0.5705200368298169   0.5705200368298169  1.0 0.0006302898890691266
Length = 99 rows
Writing /global/cscratch1/sd/mjwilson/norberg/GAMA4//gama_gold_G15_ddp_n8_d0_3_lumfn.fits
Done.
