Reading: /cosma5/data/durham/dc-wils7/GAMA4//gama_gold_ddp.fits
Reading: /cosma5/data/durham/dc-wils7/GAMA4/randoms//randoms_bd_G9_0.fits
Creating big rand. tree.
Querying tree for closest rand.
Building tree for DDP 1
Querying tree for DDP 1
Building tree for DDP 2
Querying tree for DDP 2
Building tree for DDP 3
Querying tree for DDP 3
CATAID       OBJID             RA          DEC     ... DDP1_N8 DDP2_N8 DDP3_N8
                              deg          deg     ...                        
------ ------------------ ------------ ----------- ... ------- ------- -------
209748 587725074990104938 134.80169161  0.00541943 ...      13      36       0
537129 588848898840789129 184.21539209 -1.03669489 ...      26      48      83
382081 587727944027472289 135.23306993  1.95568309 ...       9       0       0
561801 588848899377922344 184.87290284 -0.54973036 ...      30       0       0
227206 587726014009442667 212.57882544  1.21256973 ...       0       0       0
363681 587726033340137638 220.75196667  2.46013928 ...      18      20       0
209284 587725074989187472 132.63681292  0.13970627 ...       7       0       0
125782 587724649259532757 185.68473966 -2.62397534 ...      17      20      42
301084 587726032227533257 131.94779532  1.26155398 ...      10       0       0
609191 588848900446945574 174.12463152  0.30731137 ...      17       0       0
   ...                ...          ...         ... ...     ...     ...     ...
 55733 587722982815236346 183.25000321  -0.3380416 ...      19      43       0
342472 587726032801104215 215.89801885  2.25632767 ...      17      35       0
262094 587726015622283506 217.64833392  2.49517585 ...      15      36       0
493345 587729778520621500 220.43701801 -1.23362313 ...      24      49       0
642118 587725084111667592 140.86961231 -1.16816445 ...       4       4      16
239656 587726014548934790 218.53762784  1.61693878 ...      81     131       0
417992 587728879257912032 134.45054766   2.5084938 ...       1       0       0
583923 588848899911516239 177.36780566 -0.07850373 ...      23      39       0
144007 587724650867064939 178.73870765 -1.35810257 ...      20      21       0
178118 587725041165271332 179.14071172 -1.89774237 ...      19      31      45
Length = 113687 rows
EXTNAME             		TilingCat
TCOMM1              		GAMA ID
TUCD1               		meta.id;meta.main
TCOMM2              		SDSS objid
TUCD2               		meta.id
TCOMM3              		J2000 coordinate
TUCD3               		pos.eq.ra
TCOMM4              		J2000 coordinate
TUCD4               		pos.eq.dec
TCOMM5              		3-arcsec fiber magnitude
TUCD5               		phot.mag;em.opt.R
TCOMM6              		Extinction-corrected SDSS DR7 Petrosian mag
TUCD6               		phot.mag;em.opt.R
TCOMM7              		Extinction-corrected SDSS DR7 mag
TUCD7               		phot.mag;em.opt.U
TCOMM8              		Extinction-corrected SDSS DR7 mag
TUCD8               		phot.mag;em.opt.B
TCOMM9              		Extinction-corrected SDSS DR7 mag
TUCD9               		phot.mag;em.opt.R
TCOMM10             		Extinction-corrected SDSS DR7 mag
TUCD10              		phot.mag;em.opt.I
TCOMM11             		Extinction-corrected SDSS DR7 mag
TUCD11              		phot.mag;em.opt.I
TCOMM12             		Survey code for redshift source, see notes
TUCD12              		meta.code;meta.dataset
TCOMM13             		Spectroscopic redshift, -1 for none attempted
TUCD13              		src.redshift
TCOMM14             		Quality of redshift
TUCD14              		meta.code.qual;src.redshift
TCOMM15             		Tests of NQ=2 redshifts, see notes
TUCD15              		meta.code.qual;src.redshift
TCOMM16             		ID of spectrum from SpecAll table
TUCD16              		meta.id.cross;spect
TCOMM17             		Redshift uncertainty, c delta ln(1+z), see notes
TUCD17              		src.redshift;stat.error
TCOMM18             		Number of GAMA spectra within 1 arcsec
TUCD18              		meta.number;spect
TCOMM19             		SDSS Petro half-light surface brightness
TUCD19              		phot.mag.sb;em.opt.R
TCOMM20             		r_psf - r_model star-galaxy separation parameter
TUCD20              		src.class.starGalaxy
TCOMM21             		J - K - f_locus star-galaxy separation parameter
TUCD21              		src.class.starGalaxy
TCOMM22             		Extinction-corrected r-defined auto AB mag
TUCD22              		phot.mag;em.IR.K
TCOMM23             		Flux from FIRST-SDSS matching by John Ching
TUCD23              		phot.flux.density;em.radio
TCOMM24             		1 for match to H-ATLAS SDSS possible ID
TUCD24              		meta.code
TCOMM25             		1-deg strip, 2 for GAMA I regions
TUCD25              		meta.code
TCOMM26             		Bitwise target criteria, see notes
TUCD26              		meta.code
TCOMM27             		Useful for selecting samples, see notes
TUCD27              		meta.code.class
TCOMM28             		Useful for selecting samples, see notes
TUCD28              		meta.code.class
TCOMM29             		Priorities for targeting, see notes
TUCD29              		meta.code.class
TCOMM30             		Number of survey_class>=3 targets within 40 arcsec
TUCD30              		meta.code.class
TCOMM31             		CATAID of object in TilingCatv11, see notes
TUCD31              		meta.code.cross
TCOMM32             		Mask value 0.0 to 1.0 around V<10 stars
TUCD32              		meta.code
TCOMM33             		Mask value 0.0 to 1.0 around V<12 stars
TUCD33              		meta.code
TCOMM34             		Visual classification, see notes
TUCD34              		mata.code.qual
TCOMM35             		Initials of classifiers, xxx for none
TUCD35              		meta.id
DATE-HDU            		2015-09-04T13:22:37
STILVERS            		3.0-8
STILCLAS            		uk.ac.starlink.votable.FitsPlusTableWriter
DMU                 		EqInputCat
NAME                		TilingCat
VERSION             		v46
DATE                		2015-05-22
CONTACT             		Ivan Baldry <i.baldry@ljmu.ac.uk>
AREA                		180.0
DDP1_ZMIN           		0.0390699990093708
DDP1_ZMAX           		0.2483299970626831
DDP1_VZ             		6451530.309761721
DDP1_NGAL           		34732
DDP1_DENS           		0.005383528919866887
DDP2_ZMIN           		0.03914999961853027
DDP2_ZMAX           		0.1830800026655197
DDP2_VZ             		2679079.755786839
DDP2_NGAL           		26598
DDP2_DENS           		0.009928035902084681
DDP3_ZMIN           		0.03903000056743622
DDP3_ZMAX           		0.09973999857902527
DDP3_VZ             		432372.2344703938
DDP3_NGAL           		7954
DDP3_DENS           		0.01839618589233126
comments            		['Science targets and information for tiling and spectroscopic', 'observation.']
VOL8                		2144.660584850632
Writing /cosma5/data/durham/dc-wils7/GAMA4//gama_gold_ddp_n8.fits
[0 1 2 3]
Delta8 spans -1.0000 to 39.9747 over [0 1 2 3] tiers.

---- d0 ----
Writing /cosma5/data/durham/dc-wils7/GAMA4//gama_gold_ddp_n8_d0_0.fits.
Writing /cosma5/data/durham/dc-wils7/GAMA4//gama_gold_G9_ddp_n8_d0_0.fits.

---- d1 ----
Writing /cosma5/data/durham/dc-wils7/GAMA4//gama_gold_ddp_n8_d0_1.fits.
Writing /cosma5/data/durham/dc-wils7/GAMA4//gama_gold_G9_ddp_n8_d0_1.fits.

---- d2 ----
Writing /cosma5/data/durham/dc-wils7/GAMA4//gama_gold_ddp_n8_d0_2.fits.
Writing /cosma5/data/durham/dc-wils7/GAMA4//gama_gold_G9_ddp_n8_d0_2.fits.

---- d3 ----
Writing /cosma5/data/durham/dc-wils7/GAMA4//gama_gold_ddp_n8_d0_3.fits.
Writing /cosma5/data/durham/dc-wils7/GAMA4//gama_gold_G9_ddp_n8_d0_3.fits.


Done.


