G12 False True
Generating Gold density-split LF.
Read /global/cscratch1/sd/mjwilson/norberg/GAMA4/randoms//randoms_bd_ddp_n8_G12_0.fits

Reading: /global/cscratch1/sd/mjwilson/norberg/GAMA4//gama_gold_G12_ddp_n8_d0_0.fits
Found fields: [b'G12']
Found redshift limits: 0.040 < z < 0.248
Retrieved area 60.0 [sq. deg.]
WARNING:  Found 0.000% with zmax < 0.0
Writing /global/cscratch1/sd/mjwilson/norberg/GAMA4//gama_gold_G12_ddp_n8_d0_0_vmax.fits.
Writing /global/cscratch1/sd/mjwilson/norberg/GAMA4//gama_gold_G12_ddp_n8_d0_0_lumfn.fits.
PROCESS CAT FINISHED.
Reading: /global/cscratch1/sd/mjwilson/norberg/GAMA4//gama_gold_G12_ddp_n8_d0_0_lumfn.fits
      MEDIAN_M              PHI_N               PHI_N_ERROR             PHI_IVMAX          PHI_IVMAX_ERROR      N         V_ON_VMAX      
------------------- ---------------------- ---------------------- --------------------- ---------------------- ---- ---------------------
                nan                    0.0                    0.0                   0.0                    0.0  0.0                   nan
                nan                    0.0                    0.0                   0.0                    0.0  0.0                   nan
                nan                    0.0                    0.0                   0.0                    0.0  0.0                   nan
                nan                    0.0                    0.0                   0.0                    0.0  0.0                   nan
                nan                    0.0                    0.0                   0.0                    0.0  0.0                   nan
                nan                    0.0                    0.0                   0.0                    0.0  0.0                   nan
                nan                    0.0                    0.0                   0.0                    0.0  0.0                   nan
                nan                    0.0                    0.0                   0.0                    0.0  0.0                   nan
                nan                    0.0                    0.0                   0.0                    0.0  0.0                   nan
                nan                    0.0                    0.0                   0.0                    0.0  0.0                   nan
                nan                    0.0                    0.0                   0.0                    0.0  0.0                   nan
                nan                    0.0                    0.0                   0.0                    0.0  0.0                   nan
                nan                    0.0                    0.0                   0.0                    0.0  0.0                   nan
                nan                    0.0                    0.0                   0.0                    0.0  0.0                   nan
                nan                    0.0                    0.0                   0.0                    0.0  0.0                   nan
                nan                    0.0                    0.0                   0.0                    0.0  0.0                   nan
                nan                    0.0                    0.0                   0.0                    0.0  0.0                   nan
                nan                    0.0                    0.0                   0.0                    0.0  0.0                   nan
                nan                    0.0                    0.0                   0.0                    0.0  0.0                   nan
                nan                    0.0                    0.0                   0.0                    0.0  0.0                   nan
                nan                    0.0                    0.0                   0.0                    0.0  0.0                   nan
                ...                    ...                    ...                   ...                    ...  ...                   ...
-17.855305987263474  7.910339306501563e-05  1.918539087951829e-05 0.0008536551323919992  0.0002077205823965181 17.0   0.09472146336057255
-17.738345303739887  5.583768922236397e-05 1.6118952451729252e-05 0.0007126113985748445 0.00020720596956487407 12.0   0.08119531131027219
 -17.65175671483217  7.910339306501563e-05  1.918539087951829e-05  0.001140694671910133 0.00027749257251530215 17.0   0.06940879238139779
-17.560064421685862 3.7225126148242646e-05 1.3161069564973522e-05 0.0005949955319128817   0.000210561486093074  8.0   0.06360780264462353
-17.460332073430784  9.306281537060662e-05 2.0809478134618873e-05 0.0017627436311103918  0.0003945730797041639 20.0    0.0532445494699325
-17.361165481000715   6.04908299908943e-05 1.6777137632888023e-05 0.0013476944901050533  0.0003752724006081476 13.0   0.04619576883180017
 -17.25528603837158  4.187826691677298e-05 1.3959422305590992e-05  0.001073666166238058 0.00035821384816383926  9.0  0.039668093156802926
-17.158162089769977  3.257198537971232e-05  1.231105328890722e-05 0.0009942089261728104  0.0003771168258004561  7.0   0.03357660231813701
-17.027933752376452 1.3959422305590992e-05  8.059476225864626e-06 0.0005022491831252505  0.0002903131770999667  3.0  0.027786835270610148
 -16.96395676096236  5.583768922236397e-05 1.6118952451729252e-05 0.0022786968334227013  0.0006585143905622531 12.0   0.02452969611178039
-16.839522033676783 2.7918844611181985e-05  1.139782058424128e-05  0.001428471565414411  0.0005860521033853097  6.0  0.020204120168358798
-16.740951649691304 1.3959422305590992e-05  8.059476225864626e-06 0.0008306755874716636 0.00048000106967994674  3.0  0.017114040675918957
-16.659826078008454  3.257198537971232e-05  1.231105328890722e-05 0.0022014420501375023  0.0008325499617634067  7.0  0.015012879240296317
 -16.56101696675242  4.653140768530331e-05  1.471452310194219e-05 0.0037872599421912632  0.0011998380232238312 10.0  0.012429700350266602
-16.473294039351032 1.3959422305590992e-05  8.059476225864626e-06 0.0013557466723956924  0.0007831877562409892  3.0  0.010470633868996621
-16.349817938275983 2.7918844611181985e-05  1.139782058424128e-05 0.0034163101180908926    0.00139613085417731  6.0  0.008138253432840995
-16.231860848803368  9.306281537060662e-06  6.580534782486761e-06 0.0014818801954296233  0.0010478495899178583  2.0  0.006280074506077187
 -16.13951280468306  9.306281537060662e-06  6.580534782486761e-06 0.0019151283956232352  0.0013550887665920088  2.0  0.004865738155408171
-16.060605590345933  4.653140768530331e-06  4.653140768530331e-06 0.0011673416064597168  0.0011673416064597168  1.0  0.003986100334967289
-15.959100249525783  4.653140768530331e-06  4.653140768530331e-06 0.0016399258336247374  0.0016399258336247371  1.0  0.002837409273714207
                nan                    0.0                    0.0                   0.0                    0.0  0.0                   nan
-15.759701100596667  4.653140768530331e-06  4.653140768530331e-06  0.004421741326368439   0.004421741326368438  1.0 0.0010523321979017575
Length = 99 rows
Found d8 renormalisation scale of 0.300
      MEDIAN_M              PHI_N               PHI_N_ERROR             PHI_IVMAX          PHI_IVMAX_ERROR     N         V_ON_VMAX      
------------------- ---------------------- ---------------------- --------------------- --------------------- ---- ---------------------
                nan                    0.0                    0.0                   0.0                   0.0  0.0                   nan
                nan                    0.0                    0.0                   0.0                   0.0  0.0                   nan
                nan                    0.0                    0.0                   0.0                   0.0  0.0                   nan
                nan                    0.0                    0.0                   0.0                   0.0  0.0                   nan
                nan                    0.0                    0.0                   0.0                   0.0  0.0                   nan
                nan                    0.0                    0.0                   0.0                   0.0  0.0                   nan
                nan                    0.0                    0.0                   0.0                   0.0  0.0                   nan
                nan                    0.0                    0.0                   0.0                   0.0  0.0                   nan
                nan                    0.0                    0.0                   0.0                   0.0  0.0                   nan
                nan                    0.0                    0.0                   0.0                   0.0  0.0                   nan
                nan                    0.0                    0.0                   0.0                   0.0  0.0                   nan
                nan                    0.0                    0.0                   0.0                   0.0  0.0                   nan
                nan                    0.0                    0.0                   0.0                   0.0  0.0                   nan
                nan                    0.0                    0.0                   0.0                   0.0  0.0                   nan
                nan                    0.0                    0.0                   0.0                   0.0  0.0                   nan
                nan                    0.0                    0.0                   0.0                   0.0  0.0                   nan
                nan                    0.0                    0.0                   0.0                   0.0  0.0                   nan
                nan                    0.0                    0.0                   0.0                   0.0  0.0                   nan
                nan                    0.0                    0.0                   0.0                   0.0  0.0                   nan
                nan                    0.0                    0.0                   0.0                   0.0  0.0                   nan
                nan                    0.0                    0.0                   0.0                   0.0  0.0                   nan
                ...                    ...                    ...                   ...                   ...  ...                   ...
-17.855305987263474  0.0002632875454043955  6.385660938893696e-05   0.00284130371303573 0.0006913766925800572 17.0   0.09472146336057255
-17.738345303739887  0.0001858500320501615 5.3650283016530665e-05  0.002371854084738901  0.000689663856454737 12.0   0.08119531131027219
 -17.65175671483217  0.0002632875454043955  6.385660938893696e-05  0.003796685433913654 0.0009236056186042023 17.0   0.06940879238139779
-17.560064421685862 0.00012390002136677435  4.380527264880214e-05 0.0019803817137802105 0.0007008323496892499  8.0   0.06360780264462353
-17.460332073430784  0.0003097500534169359  6.926221754744597e-05  0.005867111710755976  0.001313296100365473 20.0    0.0532445494699325
-17.361165481000715 0.00020133753472100833   5.58409850086236e-05  0.004485663136638774 0.0012490557659508488 13.0   0.04619576883180017
 -17.25528603837158 0.00013938752403762114  4.646250801254038e-05 0.0035735879149991316  0.001192278120552975  9.0  0.039668093156802926
-17.158162089769977 0.00010841251869592756 4.0976080496509254e-05  0.003309122626080457 0.0012551947463756937  7.0   0.03357660231813701
-17.027933752376452  4.646250801254038e-05 2.6825141508265332e-05 0.0016716849869856316 0.0009662776884220205  3.0  0.027786835270610148
 -16.96395676096236  0.0001858500320501615 5.3650283016530665e-05  0.007584409122621663 0.0021917977318887693 12.0   0.02452969611178039
-16.839522033676783  9.292501602508075e-05  3.793647893356629e-05  0.004754521362045955  0.001950614427532594  6.0  0.020204120168358798
-16.740951649691304  4.646250801254038e-05 2.6825141508265332e-05 0.0027648186503581723 0.0015976344190905462  3.0  0.017114040675918957
-16.659826078008454 0.00010841251869592756 4.0976080496509254e-05  0.007327274485613225 0.0027710573132943696  7.0  0.015012879240296317
 -16.56101696675242 0.00015487502670846794  4.897578370781692e-05  0.012605506987144983  0.003993538023809196 10.0  0.012429700350266602
-16.473294039351032  4.646250801254038e-05 2.6825141508265332e-05  0.004512464001030377 0.0026067602657952474  3.0  0.010470633868996621
-16.349817938275983  9.292501602508075e-05  3.793647893356629e-05  0.011370838474565426  0.004646878615656426  6.0  0.008138253432840995
-16.231860848803368  3.097500534169359e-05  2.190263632440107e-05  0.004932286519206271  0.003487660083755483  2.0  0.006280074506077187
 -16.13951280468306  3.097500534169359e-05  2.190263632440107e-05  0.006374308798656335  0.004510274228917608  2.0  0.004865738155408171
-16.060605590345933 1.5487502670846793e-05 1.5487502670846793e-05  0.003885377027513756  0.003885377027513756  1.0  0.003986100334967289
-15.959100249525783 1.5487502670846793e-05 1.5487502670846793e-05  0.005458325245611623  0.005458325245611622  1.0  0.002837409273714207
                nan                    0.0                    0.0                   0.0                   0.0  0.0                   nan
-15.759701100596667 1.5487502670846793e-05 1.5487502670846793e-05  0.014717313317721617  0.014717313317721616  1.0 0.0010523321979017575
Length = 99 rows
Writing /global/cscratch1/sd/mjwilson/norberg/GAMA4//gama_gold_G12_ddp_n8_d0_0_lumfn.fits

Reading: /global/cscratch1/sd/mjwilson/norberg/GAMA4//gama_gold_G12_ddp_n8_d0_1.fits
Found fields: [b'G12']
Found redshift limits: 0.039 < z < 0.248
Retrieved area 60.0 [sq. deg.]
WARNING:  Found 0.087% with zmax < 0.0
Writing /global/cscratch1/sd/mjwilson/norberg/GAMA4//gama_gold_G12_ddp_n8_d0_1_vmax.fits.
Writing /global/cscratch1/sd/mjwilson/norberg/GAMA4//gama_gold_G12_ddp_n8_d0_1_lumfn.fits.
PROCESS CAT FINISHED.
Reading: /global/cscratch1/sd/mjwilson/norberg/GAMA4//gama_gold_G12_ddp_n8_d0_1_lumfn.fits
      MEDIAN_M              PHI_N               PHI_N_ERROR             PHI_IVMAX          PHI_IVMAX_ERROR      N         V_ON_VMAX      
------------------- ---------------------- ---------------------- --------------------- ---------------------- ---- ---------------------
                nan                    0.0                    0.0                   0.0                    0.0  0.0                   nan
                nan                    0.0                    0.0                   0.0                    0.0  0.0                   nan
                nan                    0.0                    0.0                   0.0                    0.0  0.0                   nan
                nan                    0.0                    0.0                   0.0                    0.0  0.0                   nan
                nan                    0.0                    0.0                   0.0                    0.0  0.0                   nan
                nan                    0.0                    0.0                   0.0                    0.0  0.0                   nan
                nan                    0.0                    0.0                   0.0                    0.0  0.0                   nan
                nan                    0.0                    0.0                   0.0                    0.0  0.0                   nan
                nan                    0.0                    0.0                   0.0                    0.0  0.0                   nan
                nan                    0.0                    0.0                   0.0                    0.0  0.0                   nan
                nan                    0.0                    0.0                   0.0                    0.0  0.0                   nan
                nan                    0.0                    0.0                   0.0                    0.0  0.0                   nan
                nan                    0.0                    0.0                   0.0                    0.0  0.0                   nan
                nan                    0.0                    0.0                   0.0                    0.0  0.0                   nan
                nan                    0.0                    0.0                   0.0                    0.0  0.0                   nan
                nan                    0.0                    0.0                   0.0                    0.0  0.0                   nan
                nan                    0.0                    0.0                   0.0                    0.0  0.0                   nan
                nan                    0.0                    0.0                   0.0                    0.0  0.0                   nan
                nan                    0.0                    0.0                   0.0                    0.0  0.0                   nan
                nan                    0.0                    0.0                   0.0                    0.0  0.0                   nan
                nan                    0.0                    0.0                   0.0                    0.0  0.0                   nan
                ...                    ...                    ...                   ...                    ...  ...                   ...
 -17.84773572442824 0.00014884775216202835  2.631281372953621e-05  0.001620702103027267 0.00028799704452995564 32.0   0.09360405002599038
-17.759462222046256 0.00014884775216202835  2.631281372953621e-05 0.0018314033956913429  0.0003244725169593006 32.0    0.0826900074173037
-17.648493853176234  8.837835284620433e-05  2.027538467648342e-05 0.0012628250971276804 0.00029036636595152057 19.0    0.0705467713146046
 -17.55978972890194  0.0001302417831417748 2.4613383464481488e-05  0.002150766155321825 0.00040746404347461433 28.0   0.06095575633236375
-17.435206734899012  8.837835284620433e-05  2.027538467648342e-05 0.0017445115789016424  0.0004013346312264592 19.0   0.05107367135374095
 -17.35624634882761  0.0001023328296113945  2.181743257984593e-05 0.0022553637096907734  0.0004815284497305206 22.0   0.04609471818844354
-17.242253371239226 2.7908953530380317e-05 1.1393782567413158e-05  0.000721159837223962  0.0002949346972911394  6.0    0.0389957558471939
 -17.16916942708879  4.651492255063386e-05 1.4709310044633184e-05 0.0013827188663927275 0.00043792241612825673 10.0   0.03445766940560986
 -17.05112669755925  8.372686059114096e-05 1.9734610297152155e-05  0.002946872734658857   0.000695366545937914 18.0  0.028580341288114937
-16.948024627637615  4.186343029557048e-05 1.3954476765190158e-05 0.0017379200947417542  0.0005799873109279381  9.0   0.02374972254979456
-16.863721485115743   6.51208915708874e-05 1.7404290355679697e-05  0.003148683788858835  0.0008430862385866638 14.0  0.020855588944469594
-16.749798383392182  5.581790706076063e-05  1.611324183356583e-05  0.003225576592622378  0.0009329889502142075 12.0   0.01752629504456891
-16.636688775818133 2.7908953530380317e-05 1.1393782567413158e-05 0.0019587559184100515  0.0008036189193051367  6.0  0.014333657176678463
-16.575959005993163 2.7908953530380317e-05 1.1393782567413158e-05 0.0022291122955154707  0.0009120153341569979  6.0  0.012779287127181257
-16.458345231527154 1.8605969020253543e-05  9.302984510126772e-06 0.0018182038798582546  0.0009094996090349935  4.0   0.01022516016623738
-16.384969299837056 1.3954476765190158e-05  8.056620916782915e-06  0.001662687865000651  0.0009622369175976658  3.0  0.008684354016209558
 -16.26855564991519 1.3954476765190158e-05  8.056620916782915e-06 0.0020501174647990033   0.001185597022231429  3.0   0.00679767858630694
-16.146461558177364 1.8605969020253543e-05  9.302984510126772e-06  0.003586724995166742   0.001799948132276653  4.0  0.005145444835689228
-16.059952645794596 1.8605969020253543e-05  9.302984510126772e-06 0.0047136017012489855   0.002365471509635036  4.0  0.004104126782888139
-15.946487415059092  4.651492255063386e-06  4.651492255063386e-06 0.0016557372649047858  0.0016557372649047858  1.0 0.0028093178511210673
-15.883966293699958  9.302984510126772e-06  6.578203432384053e-06  0.004117469906361267  0.0029115958223335436  2.0  0.002259556315353909
-15.724478023364936  4.651492255063386e-06  4.651492255063386e-06  0.004991183865162944   0.004991183865162944  1.0 0.0009319416757073389
Length = 99 rows
Found d8 renormalisation scale of 0.155
      MEDIAN_M              PHI_N               PHI_N_ERROR            PHI_IVMAX          PHI_IVMAX_ERROR     N         V_ON_VMAX      
------------------- ---------------------- ---------------------- -------------------- --------------------- ---- ---------------------
                nan                    0.0                    0.0                  0.0                   0.0  0.0                   nan
                nan                    0.0                    0.0                  0.0                   0.0  0.0                   nan
                nan                    0.0                    0.0                  0.0                   0.0  0.0                   nan
                nan                    0.0                    0.0                  0.0                   0.0  0.0                   nan
                nan                    0.0                    0.0                  0.0                   0.0  0.0                   nan
                nan                    0.0                    0.0                  0.0                   0.0  0.0                   nan
                nan                    0.0                    0.0                  0.0                   0.0  0.0                   nan
                nan                    0.0                    0.0                  0.0                   0.0  0.0                   nan
                nan                    0.0                    0.0                  0.0                   0.0  0.0                   nan
                nan                    0.0                    0.0                  0.0                   0.0  0.0                   nan
                nan                    0.0                    0.0                  0.0                   0.0  0.0                   nan
                nan                    0.0                    0.0                  0.0                   0.0  0.0                   nan
                nan                    0.0                    0.0                  0.0                   0.0  0.0                   nan
                nan                    0.0                    0.0                  0.0                   0.0  0.0                   nan
                nan                    0.0                    0.0                  0.0                   0.0  0.0                   nan
                nan                    0.0                    0.0                  0.0                   0.0  0.0                   nan
                nan                    0.0                    0.0                  0.0                   0.0  0.0                   nan
                nan                    0.0                    0.0                  0.0                   0.0  0.0                   nan
                nan                    0.0                    0.0                  0.0                   0.0  0.0                   nan
                nan                    0.0                    0.0                  0.0                   0.0  0.0                   nan
                nan                    0.0                    0.0                  0.0                   0.0  0.0                   nan
                ...                    ...                    ...                  ...                   ...  ...                   ...
 -17.84773572442824  0.0009619216756431923   0.000170045334954407 0.010473711964191411  0.001861167505929012 32.0   0.09360405002599038
-17.759462222046256  0.0009619216756431923   0.000170045334954407  0.01183535926860612 0.0020968885500796757 32.0    0.0826900074173037
-17.648493853176234  0.0005711409949131455 0.00013102873049156206 0.008160948457931904 0.0018764791354219997 19.0    0.0705467713146046
 -17.55978972890194  0.0008416814661877933 0.00015906284590465152 0.013899226249596082 0.0026332174303633133 28.0   0.06095575633236375
-17.435206734899012  0.0005711409949131455 0.00013102873049156206 0.011273824943821387 0.0025936063887801314 19.0   0.05107367135374095
 -17.35624634882761  0.0006613211520046947 0.00014099414334851847  0.01457518308001724  0.003111855211158596 22.0   0.04609471818844354
-17.242253371239226 0.00018036031418309858  7.363178993277521e-05  0.00466046190790922 0.0019060017642374887  6.0    0.0389957558471939
 -17.16916942708879  0.0003006005236384976  9.505823205369379e-05 0.008935756365713216 0.0028300532470605213 10.0   0.03445766940560986
 -17.05112669755925  0.0005410809425492958 0.00012753400121580524  0.01904402799274128  0.004493773962583583 18.0  0.028580341288114937
-16.948024627637615  0.0002705404712746479  9.018015709154929e-05 0.011231227783998958  0.003748141022460899  9.0   0.02374972254979456
-16.863721485115743 0.00042084073309389664 0.00011247441697400993 0.020348222544554498  0.005448405606086706 14.0  0.020855588944469594
-16.749798383392182 0.00036072062836619716 0.00010413107594473743  0.02084513871269801   0.00602939769872843 12.0   0.01752629504456891
-16.636688775818133 0.00018036031418309858  7.363178993277521e-05  0.01265836902368537 0.0051933498908004905  6.0  0.014333657176678463
-16.575959005993163 0.00018036031418309858  7.363178993277521e-05 0.014405534536826458  0.005893856680412705  6.0  0.012779287127181257
-16.458345231527154 0.00012024020945539904  6.012010472769952e-05 0.011750058011426086  0.005877598923814661  4.0   0.01022516016623738
-16.384969299837056  9.018015709154929e-05  5.206553797236872e-05  0.01074504299824445  0.006218411327661356  3.0  0.008684354016209558
 -16.26855564991519  9.018015709154929e-05  5.206553797236872e-05   0.0132487887681243  0.007661865615686261  3.0   0.00679767858630694
-16.146461558177364 0.00012024020945539904  6.012010472769952e-05 0.023179043467626243   0.01163208109172966  4.0  0.005145444835689228
-16.059952645794596 0.00012024020945539904  6.012010472769952e-05  0.03046143177119941  0.015286749616194936  4.0  0.004104126782888139
-15.946487415059092  3.006005236384976e-05  3.006005236384976e-05 0.010700125068387759  0.010700125068387759  1.0 0.0028093178511210673
-15.883966293699958  6.012010472769952e-05  4.251133373860175e-05  0.02660895777200614   0.01881605258751954  2.0  0.002259556315353909
-15.724478023364936  3.006005236384976e-05  3.006005236384976e-05  0.03225529359552929   0.03225529359552929  1.0 0.0009319416757073389
Length = 99 rows
Writing /global/cscratch1/sd/mjwilson/norberg/GAMA4//gama_gold_G12_ddp_n8_d0_1_lumfn.fits

Reading: /global/cscratch1/sd/mjwilson/norberg/GAMA4//gama_gold_G12_ddp_n8_d0_2.fits
Found fields: [b'G12']
Found redshift limits: 0.042 < z < 0.248
Retrieved area 60.0 [sq. deg.]
WARNING:  Found 0.054% with zmax < 0.0
Writing /global/cscratch1/sd/mjwilson/norberg/GAMA4//gama_gold_G12_ddp_n8_d0_2_vmax.fits.
Writing /global/cscratch1/sd/mjwilson/norberg/GAMA4//gama_gold_G12_ddp_n8_d0_2_lumfn.fits.
PROCESS CAT FINISHED.
Reading: /global/cscratch1/sd/mjwilson/norberg/GAMA4//gama_gold_G12_ddp_n8_d0_2_lumfn.fits
      MEDIAN_M              PHI_N               PHI_N_ERROR             PHI_IVMAX          PHI_IVMAX_ERROR     N         V_ON_VMAX      
------------------- ---------------------- ---------------------- --------------------- --------------------- ---- ---------------------
                nan                    0.0                    0.0                   0.0                   0.0  0.0                   nan
                nan                    0.0                    0.0                   0.0                   0.0  0.0                   nan
                nan                    0.0                    0.0                   0.0                   0.0  0.0                   nan
                nan                    0.0                    0.0                   0.0                   0.0  0.0                   nan
                nan                    0.0                    0.0                   0.0                   0.0  0.0                   nan
                nan                    0.0                    0.0                   0.0                   0.0  0.0                   nan
                nan                    0.0                    0.0                   0.0                   0.0  0.0                   nan
                nan                    0.0                    0.0                   0.0                   0.0  0.0                   nan
                nan                    0.0                    0.0                   0.0                   0.0  0.0                   nan
                nan                    0.0                    0.0                   0.0                   0.0  0.0                   nan
                nan                    0.0                    0.0                   0.0                   0.0  0.0                   nan
                nan                    0.0                    0.0                   0.0                   0.0  0.0                   nan
                nan                    0.0                    0.0                   0.0                   0.0  0.0                   nan
                nan                    0.0                    0.0                   0.0                   0.0  0.0                   nan
                nan                    0.0                    0.0                   0.0                   0.0  0.0                   nan
                nan                    0.0                    0.0                   0.0                   0.0  0.0                   nan
                nan                    0.0                    0.0                   0.0                   0.0  0.0                   nan
                nan                    0.0                    0.0                   0.0                   0.0  0.0                   nan
                nan                    0.0                    0.0                   0.0                   0.0  0.0                   nan
                nan                    0.0                    0.0                   0.0                   0.0  0.0                   nan
                nan                    0.0                    0.0                   0.0                   0.0  0.0                   nan
                ...                    ...                    ...                   ...                   ...  ...                   ...
 -17.85060653874013  0.0004096943257410386  4.367356186740912e-05  0.004626255850055084  0.000496372590836978 88.0   0.09193866691017968
 -17.74941348995293 0.00030727074430577896  3.782241405092764e-05  0.003987216124243826 0.0004940871998105783 66.0   0.07993482984193732
 -17.65245656695826  0.0002653701882640818  3.514914009562187e-05  0.003872185760270728  0.000514819148806554 57.0   0.06955385092366476
-17.552421876737682 0.00023278086689831738  3.292018590285667e-05  0.003956818227636423 0.0005615748440307838 50.0   0.05935236263390322
-17.455740182700506 0.00018156907618068757  2.907432095690872e-05  0.003543196488098265 0.0005688185025841971 39.0   0.05160971764056057
 -17.34760121936317  0.0001769134588427212   2.86991527106249e-05  0.004156528622754136  0.000677418341981346 38.0   0.04285547227725746
-17.254286717558553 0.00017225784150475486 2.8319014698788442e-05  0.004569769598006673 0.0007533458703087345 37.0    0.0377397561641517
-17.162561658717646 0.00012104605078712503   2.37390836541113e-05  0.003778958259086466  0.000743415223077332 26.0   0.03285025346720069
 -17.04033613053528 0.00012104605078712503   2.37390836541113e-05  0.004400499618138616 0.0008640007827039454 26.0  0.027297993287056017
-16.959321861766497  2.327808668983174e-05 1.0410276844919367e-05 0.0009940968744532191 0.0004451475059557353  5.0  0.023675261526545567
-16.863478709743717  3.724493870373078e-05 1.3168074361142669e-05 0.0019233169490204198 0.0006840923506079349  8.0   0.01991289108699022
 -16.72716766679641  2.327808668983174e-05 1.0410276844919367e-05 0.0014817239596561127 0.0006629881349419677  5.0  0.015947328819281837
-16.656066350914564  1.862246935186539e-05  9.311234675932695e-06 0.0013169138923648871 0.0006590878081782016  4.0   0.01391291600491886
 -16.54096769997666  2.327808668983174e-05 1.0410276844919367e-05 0.0021012280222015415 0.0009419462446427363  5.0    0.0111437393744342
 -16.44783744420218  2.327808668983174e-05 1.0410276844919367e-05 0.0026633581918593815 0.0011931740845698795  5.0   0.00903448701394068
 -16.34688668298972 2.7933704027798084e-05 1.1403886915672092e-05 0.0037712820954643182 0.0015432321488276616  6.0  0.007350956262449882
-16.268333154532286  9.311234675932695e-06 6.5840371805713345e-06 0.0015427042196859727  0.001090893858528677  2.0 0.0060360699150457135
-16.118905760403145  9.311234675932695e-06 6.5840371805713345e-06  0.002412260969476095 0.0017060864337539953  2.0  0.003861593324342928
-16.041177884133894  1.862246935186539e-05  9.311234675932695e-06  0.006296106759732923 0.0031692745089021714  4.0 0.0029995956526354364
                nan                    0.0                    0.0                   0.0                   0.0  0.0                   nan
-15.878800659290333  9.311234675932695e-06 6.5840371805713345e-06  0.007170666173473802   0.00508508061908359  2.0 0.0013060776318467085
                nan                    0.0                    0.0                   0.0                   0.0  0.0                   nan
Length = 99 rows
Found d8 renormalisation scale of 0.093
      MEDIAN_M              PHI_N               PHI_N_ERROR            PHI_IVMAX         PHI_IVMAX_ERROR     N         V_ON_VMAX      
------------------- ---------------------- ---------------------- -------------------- -------------------- ---- ---------------------
                nan                    0.0                    0.0                  0.0                  0.0  0.0                   nan
                nan                    0.0                    0.0                  0.0                  0.0  0.0                   nan
                nan                    0.0                    0.0                  0.0                  0.0  0.0                   nan
                nan                    0.0                    0.0                  0.0                  0.0  0.0                   nan
                nan                    0.0                    0.0                  0.0                  0.0  0.0                   nan
                nan                    0.0                    0.0                  0.0                  0.0  0.0                   nan
                nan                    0.0                    0.0                  0.0                  0.0  0.0                   nan
                nan                    0.0                    0.0                  0.0                  0.0  0.0                   nan
                nan                    0.0                    0.0                  0.0                  0.0  0.0                   nan
                nan                    0.0                    0.0                  0.0                  0.0  0.0                   nan
                nan                    0.0                    0.0                  0.0                  0.0  0.0                   nan
                nan                    0.0                    0.0                  0.0                  0.0  0.0                   nan
                nan                    0.0                    0.0                  0.0                  0.0  0.0                   nan
                nan                    0.0                    0.0                  0.0                  0.0  0.0                   nan
                nan                    0.0                    0.0                  0.0                  0.0  0.0                   nan
                nan                    0.0                    0.0                  0.0                  0.0  0.0                   nan
                nan                    0.0                    0.0                  0.0                  0.0  0.0                   nan
                nan                    0.0                    0.0                  0.0                  0.0  0.0                   nan
                nan                    0.0                    0.0                  0.0                  0.0  0.0                   nan
                nan                    0.0                    0.0                  0.0                  0.0  0.0                   nan
                nan                    0.0                    0.0                  0.0                  0.0  0.0                   nan
                ...                    ...                    ...                  ...                  ...  ...                   ...
 -17.85060653874013   0.004393842808236436  0.0004683852171349776  0.04961513918714773  0.00532343994393837 88.0   0.09193866691017968
 -17.74941348995293  0.0032953821061773273 0.00040563349679598095 0.042761639084712894 0.005298929843860241 66.0   0.07993482984193732
 -17.65245656695826   0.002846011818971328  0.0003769634742817066 0.041527974604352265 0.005521273477328748 57.0   0.06955385092366476
-17.552421876737682   0.002496501595588884  0.0003530586414967872  0.04243563120273315 0.006022713605486467 50.0   0.05935236263390322
-17.455740182700506  0.0019472712445593298  0.0003118129493490198 0.037999668116564564 0.006100399565580416 39.0   0.05160971764056057
 -17.34760121936317   0.001897341212647552  0.0003077893878856502  0.04457746238804636 0.007265098692051615 38.0   0.04285547227725746
-17.254286717558553  0.0018474111807357744  0.0003037125272495557  0.04900934189698947 0.008079397556662536 37.0    0.0377397561641517
-17.162561658717646  0.0012981808297062197 0.00025459420703246487  0.04052813897112155  0.00797289448796636 26.0   0.03285025346720069
 -17.04033613053528  0.0012981808297062197 0.00025459420703246487  0.04719397459272345 0.009266136694785355 26.0  0.027297993287056017
-16.959321861766497  0.0002496501595588884 0.00011164694547346869 0.010661376367871596 0.004774067017184643  5.0  0.023675261526545567
-16.863478709743717 0.00039944025529422146  0.0001412234565987149 0.020626969458576797 0.007336675335816462  8.0   0.01991289108699022
 -16.72716766679641  0.0002496501595588884 0.00011164694547346869  0.01589102351405713 0.007110339259377872  5.0  0.015947328819281837
-16.656066350914564 0.00019972012764711073  9.986006382355536e-05 0.014123487369682415 0.007068509481360448  4.0   0.01391291600491886
 -16.54096769997666  0.0002496501595588884 0.00011164694547346869  0.02253500977128693 0.010102077262805084  5.0    0.0111437393744342
 -16.44783744420218  0.0002496501595588884 0.00011164694547346869    0.028563679069492 0.012796416843164278  5.0   0.00903448701394068
 -16.34688668298972 0.00029958019147066607  0.0001223031010247362 0.040445814530173985  0.01655067950062767  6.0  0.007350956262449882
-16.268333154532286  9.986006382355536e-05  7.061172829935745e-05 0.016545017626599337 0.011699493582625895  2.0 0.0060360699150457135
-16.118905760403145  9.986006382355536e-05  7.061172829935745e-05  0.02587074032121577  0.01829724049416789  2.0  0.003861593324342928
-16.041177884133894 0.00019972012764711073  9.986006382355536e-05  0.06752376508047457 0.033989472475800975  4.0 0.0029995956526354364
                nan                    0.0                    0.0                  0.0                  0.0  0.0                   nan
-15.878800659290333  9.986006382355536e-05  7.061172829935745e-05  0.07690313977279026 0.054535890549740264  2.0 0.0013060776318467085
                nan                    0.0                    0.0                  0.0                  0.0  0.0                   nan
Length = 99 rows
Writing /global/cscratch1/sd/mjwilson/norberg/GAMA4//gama_gold_G12_ddp_n8_d0_2_lumfn.fits

Reading: /global/cscratch1/sd/mjwilson/norberg/GAMA4//gama_gold_G12_ddp_n8_d0_3.fits
Found fields: [b'G12']
Found redshift limits: 0.045 < z < 0.248
Retrieved area 60.0 [sq. deg.]
WARNING:  Found 0.075% with zmax < 0.0
Writing /global/cscratch1/sd/mjwilson/norberg/GAMA4//gama_gold_G12_ddp_n8_d0_3_vmax.fits.
Writing /global/cscratch1/sd/mjwilson/norberg/GAMA4//gama_gold_G12_ddp_n8_d0_3_lumfn.fits.
PROCESS CAT FINISHED.
Reading: /global/cscratch1/sd/mjwilson/norberg/GAMA4//gama_gold_G12_ddp_n8_d0_3_lumfn.fits
      MEDIAN_M              PHI_N               PHI_N_ERROR             PHI_IVMAX           PHI_IVMAX_ERROR      N        V_ON_VMAX      
------------------- ---------------------- ---------------------- ---------------------- ---------------------- ---- --------------------
                nan                    0.0                    0.0                    0.0                    0.0  0.0                  nan
                nan                    0.0                    0.0                    0.0                    0.0  0.0                  nan
                nan                    0.0                    0.0                    0.0                    0.0  0.0                  nan
                nan                    0.0                    0.0                    0.0                    0.0  0.0                  nan
                nan                    0.0                    0.0                    0.0                    0.0  0.0                  nan
                nan                    0.0                    0.0                    0.0                    0.0  0.0                  nan
                nan                    0.0                    0.0                    0.0                    0.0  0.0                  nan
                nan                    0.0                    0.0                    0.0                    0.0  0.0                  nan
                nan                    0.0                    0.0                    0.0                    0.0  0.0                  nan
                nan                    0.0                    0.0                    0.0                    0.0  0.0                  nan
                nan                    0.0                    0.0                    0.0                    0.0  0.0                  nan
                nan                    0.0                    0.0                    0.0                    0.0  0.0                  nan
                nan                    0.0                    0.0                    0.0                    0.0  0.0                  nan
                nan                    0.0                    0.0                    0.0                    0.0  0.0                  nan
                nan                    0.0                    0.0                    0.0                    0.0  0.0                  nan
                nan                    0.0                    0.0                    0.0                    0.0  0.0                  nan
                nan                    0.0                    0.0                    0.0                    0.0  0.0                  nan
                nan                    0.0                    0.0                    0.0                    0.0  0.0                  nan
                nan                    0.0                    0.0                    0.0                    0.0  0.0                  nan
                nan                    0.0                    0.0                    0.0                    0.0  0.0                  nan
                nan                    0.0                    0.0                    0.0                    0.0  0.0                  nan
                ...                    ...                    ...                    ...                    ...  ...                  ...
-17.857079370258905  0.0002489621664761119  3.419758358904613e-05   0.002871944954667931  0.0003971734459586138 53.0  0.09063631232415585
 -17.75137045635779 0.00025365956584358574 3.4518694705149855e-05   0.003465407101916299 0.00047505044499897867 54.0   0.0761414360831349
-17.647818441463848  0.0001456193803916881  2.615401279620096e-05  0.0022461369066390565 0.00040645074768215494 31.0  0.06744894795764426
-17.554421605131182 0.00018789597469895237 2.9708962161303007e-05   0.003267776721408019  0.0005197084318978196 40.0 0.058853922673088234
-17.449933001376113  0.0002301725690062167  3.288179557231666e-05   0.004765751546277357  0.0006843435420938454 49.0  0.04986728831126285
 -17.34527105881163 0.00015501417912663573  2.698450494226141e-05   0.003767238793763656  0.0006590307154640943 33.0  0.04233184983645896
-17.253794852010852 0.00021608037090379523  3.185931257273129e-05  0.0060468543789055276   0.000894673345706589 46.0  0.03638106335314735
-17.143762829900258 0.00014092198102421427 2.5728715951759045e-05   0.004519860485452974   0.000826225466115465 30.0 0.031022618464146376
-17.072223612353568 2.8184396204842856e-05 1.1506231568383285e-05  0.0010160384981715937   0.000415145605805778  6.0 0.027731694046700093
-16.980429655047843  4.697399367473809e-06  4.697399367473809e-06 0.00019552394365682157 0.00019552394365682157  1.0 0.024024675851048505
                nan                    0.0                    0.0                    0.0                    0.0  0.0                  nan
                nan                    0.0                    0.0                    0.0                    0.0  0.0                  nan
                nan                    0.0                    0.0                    0.0                    0.0  0.0                  nan
                nan                    0.0                    0.0                    0.0                    0.0  0.0                  nan
                nan                    0.0                    0.0                    0.0                    0.0  0.0                  nan
                nan                    0.0                    0.0                    0.0                    0.0  0.0                  nan
                nan                    0.0                    0.0                    0.0                    0.0  0.0                  nan
                nan                    0.0                    0.0                    0.0                    0.0  0.0                  nan
                nan                    0.0                    0.0                    0.0                    0.0  0.0                  nan
                nan                    0.0                    0.0                    0.0                    0.0  0.0                  nan
                nan                    0.0                    0.0                    0.0                    0.0  0.0                  nan
                nan                    0.0                    0.0                    0.0                    0.0  0.0                  nan
Length = 99 rows
Found d8 renormalisation scale of 0.013
      MEDIAN_M              PHI_N              PHI_N_ERROR           PHI_IVMAX        PHI_IVMAX_ERROR     N        V_ON_VMAX      
------------------- --------------------- --------------------- ------------------- -------------------- ---- --------------------
                nan                   0.0                   0.0                 0.0                  0.0  0.0                  nan
                nan                   0.0                   0.0                 0.0                  0.0  0.0                  nan
                nan                   0.0                   0.0                 0.0                  0.0  0.0                  nan
                nan                   0.0                   0.0                 0.0                  0.0  0.0                  nan
                nan                   0.0                   0.0                 0.0                  0.0  0.0                  nan
                nan                   0.0                   0.0                 0.0                  0.0  0.0                  nan
                nan                   0.0                   0.0                 0.0                  0.0  0.0                  nan
                nan                   0.0                   0.0                 0.0                  0.0  0.0                  nan
                nan                   0.0                   0.0                 0.0                  0.0  0.0                  nan
                nan                   0.0                   0.0                 0.0                  0.0  0.0                  nan
                nan                   0.0                   0.0                 0.0                  0.0  0.0                  nan
                nan                   0.0                   0.0                 0.0                  0.0  0.0                  nan
                nan                   0.0                   0.0                 0.0                  0.0  0.0                  nan
                nan                   0.0                   0.0                 0.0                  0.0  0.0                  nan
                nan                   0.0                   0.0                 0.0                  0.0  0.0                  nan
                nan                   0.0                   0.0                 0.0                  0.0  0.0                  nan
                nan                   0.0                   0.0                 0.0                  0.0  0.0                  nan
                nan                   0.0                   0.0                 0.0                  0.0  0.0                  nan
                nan                   0.0                   0.0                 0.0                  0.0  0.0                  nan
                nan                   0.0                   0.0                 0.0                  0.0  0.0                  nan
                nan                   0.0                   0.0                 0.0                  0.0  0.0                  nan
                ...                   ...                   ...                 ...                  ...  ...                  ...
-17.857079370258905   0.01876140286696296 0.0025770768782745835 0.21642531903110154 0.029930375097392457 53.0  0.09063631232415585
 -17.75137045635779  0.019115391600301887 0.0026012753141235103 0.26114770632558976  0.03579906500215582 54.0   0.0761414360831349
-17.647818441463848  0.010973650733506639  0.001970925854327799 0.16926539480388375 0.030629498171461732 31.0  0.06744894795764426
-17.554421605131182   0.01415954933355695 0.0022388213267779604 0.24625458726276703   0.0391644216557223 40.0 0.058853922673088234
-17.449933001376113  0.017345447933607268 0.0024779211333724664 0.35913964755821776  0.05157106830470562 49.0  0.04986728831126285
 -17.34527105881163  0.011681628200184486 0.0020335104548340924 0.28389327465397524  0.04966353293568032 33.0  0.04233184983645896
-17.253794852010852  0.016283481733590493  0.002400868399813118 0.45568157076344795  0.06742119620310064 46.0  0.03638106335314735
-17.143762829900258  0.010619662000167712 0.0019388761435240958 0.34060967845163154 0.062263070120832355 30.0 0.031022618464146376
-17.072223612353568 0.0021239324000335426 0.0008670917713745034 0.07656708592456084 0.031284729198879827  6.0 0.027731694046700093
-16.980429655047843 0.0003539887333389237 0.0003539887333389237 0.01473438124758194  0.01473438124758194  1.0 0.024024675851048505
                nan                   0.0                   0.0                 0.0                  0.0  0.0                  nan
                nan                   0.0                   0.0                 0.0                  0.0  0.0                  nan
                nan                   0.0                   0.0                 0.0                  0.0  0.0                  nan
                nan                   0.0                   0.0                 0.0                  0.0  0.0                  nan
                nan                   0.0                   0.0                 0.0                  0.0  0.0                  nan
                nan                   0.0                   0.0                 0.0                  0.0  0.0                  nan
                nan                   0.0                   0.0                 0.0                  0.0  0.0                  nan
                nan                   0.0                   0.0                 0.0                  0.0  0.0                  nan
                nan                   0.0                   0.0                 0.0                  0.0  0.0                  nan
                nan                   0.0                   0.0                 0.0                  0.0  0.0                  nan
                nan                   0.0                   0.0                 0.0                  0.0  0.0                  nan
                nan                   0.0                   0.0                 0.0                  0.0  0.0                  nan
Length = 99 rows
Writing /global/cscratch1/sd/mjwilson/norberg/GAMA4//gama_gold_G12_ddp_n8_d0_3_lumfn.fits
Done.
