Reading: /cosma5/data/durham/dc-wils7/GAMA4//gama_gold_ddp.fits
Reading: /cosma5/data/durham/dc-wils7/GAMA4/randoms//randoms_bd_G15_0.fits
Creating big rand. tree.
Querying tree for closest rand.
Building tree for DDP 1
Querying tree for DDP 1
Building tree for DDP 2
Querying tree for DDP 2
Building tree for DDP 3
Querying tree for DDP 3
 CATAID       OBJID             RA          DEC     ... DDP1_N8 DDP2_N8 DDP3_N8
                               deg          deg     ...                        
------- ------------------ ------------ ----------- ... ------- ------- -------
 377217 587727943491322176 136.90329419  1.55608748 ...      42      73       0
 171040 587725040627351704 176.76489998 -2.36852638 ...      66      95       0
 219914 587726013994959291 179.46494151  1.59719091 ...      16      26       0
 560374 588848899375825181 180.05173692 -0.42679837 ...      19       0       0
  48006 587722982292455656 215.42459482  -0.7208216 ...      40      64       0
 513338 587729972326498715 223.37132101  -1.1056069 ...       7      11       0
 418433 587728879258632495 136.12480274   2.6338351 ...      46       0       0
3863293 588010930296521198 134.99147365 -1.88452248 ...       0       0       0
 559685 588848899374907541  177.9188338 -0.48488674 ...      44      67       0
  62434 587722982828212405 212.84279819 -0.25815029 ...      15      27      65
    ...                ...          ...         ... ...     ...     ...     ...
 485439 587729777981653262 215.69845716  -1.9390027 ...      10       8      23
  39059 587722982274760818 174.96005287 -0.80295032 ...      11      14      20
 228219 587726014011211823 216.60727009  1.26770483 ...      63      97     204
3589784 587729150377459957 137.04913203 -1.80209068 ...      10      13      13
 342957 587726032802087112 218.13327132  2.23230827 ...      33      42       0
 617712 588848900463984922 212.92127414  0.23622583 ...      18       0       0
 139038 587724650333143239 185.43928959  -1.8123289 ...       0       0       0
  32444 587722981742215284 184.92549896 -1.06566937 ...      55      79       0
  32235 587722981741822033 183.91770711 -1.23679484 ...      46      59       0
3852926 588010930294161768 129.61311995 -1.78695091 ...      16       0       0
Length = 113687 rows
EXTNAME             		TilingCat
TCOMM1              		GAMA ID
TUCD1               		meta.id;meta.main
TCOMM2              		SDSS objid
TUCD2               		meta.id
TCOMM3              		J2000 coordinate
TUCD3               		pos.eq.ra
TCOMM4              		J2000 coordinate
TUCD4               		pos.eq.dec
TCOMM5              		3-arcsec fiber magnitude
TUCD5               		phot.mag;em.opt.R
TCOMM6              		Extinction-corrected SDSS DR7 Petrosian mag
TUCD6               		phot.mag;em.opt.R
TCOMM7              		Extinction-corrected SDSS DR7 mag
TUCD7               		phot.mag;em.opt.U
TCOMM8              		Extinction-corrected SDSS DR7 mag
TUCD8               		phot.mag;em.opt.B
TCOMM9              		Extinction-corrected SDSS DR7 mag
TUCD9               		phot.mag;em.opt.R
TCOMM10             		Extinction-corrected SDSS DR7 mag
TUCD10              		phot.mag;em.opt.I
TCOMM11             		Extinction-corrected SDSS DR7 mag
TUCD11              		phot.mag;em.opt.I
TCOMM12             		Survey code for redshift source, see notes
TUCD12              		meta.code;meta.dataset
TCOMM13             		Spectroscopic redshift, -1 for none attempted
TUCD13              		src.redshift
TCOMM14             		Quality of redshift
TUCD14              		meta.code.qual;src.redshift
TCOMM15             		Tests of NQ=2 redshifts, see notes
TUCD15              		meta.code.qual;src.redshift
TCOMM16             		ID of spectrum from SpecAll table
TUCD16              		meta.id.cross;spect
TCOMM17             		Redshift uncertainty, c delta ln(1+z), see notes
TUCD17              		src.redshift;stat.error
TCOMM18             		Number of GAMA spectra within 1 arcsec
TUCD18              		meta.number;spect
TCOMM19             		SDSS Petro half-light surface brightness
TUCD19              		phot.mag.sb;em.opt.R
TCOMM20             		r_psf - r_model star-galaxy separation parameter
TUCD20              		src.class.starGalaxy
TCOMM21             		J - K - f_locus star-galaxy separation parameter
TUCD21              		src.class.starGalaxy
TCOMM22             		Extinction-corrected r-defined auto AB mag
TUCD22              		phot.mag;em.IR.K
TCOMM23             		Flux from FIRST-SDSS matching by John Ching
TUCD23              		phot.flux.density;em.radio
TCOMM24             		1 for match to H-ATLAS SDSS possible ID
TUCD24              		meta.code
TCOMM25             		1-deg strip, 2 for GAMA I regions
TUCD25              		meta.code
TCOMM26             		Bitwise target criteria, see notes
TUCD26              		meta.code
TCOMM27             		Useful for selecting samples, see notes
TUCD27              		meta.code.class
TCOMM28             		Useful for selecting samples, see notes
TUCD28              		meta.code.class
TCOMM29             		Priorities for targeting, see notes
TUCD29              		meta.code.class
TCOMM30             		Number of survey_class>=3 targets within 40 arcsec
TUCD30              		meta.code.class
TCOMM31             		CATAID of object in TilingCatv11, see notes
TUCD31              		meta.code.cross
TCOMM32             		Mask value 0.0 to 1.0 around V<10 stars
TUCD32              		meta.code
TCOMM33             		Mask value 0.0 to 1.0 around V<12 stars
TUCD33              		meta.code
TCOMM34             		Visual classification, see notes
TUCD34              		mata.code.qual
TCOMM35             		Initials of classifiers, xxx for none
TUCD35              		meta.id
DATE-HDU            		2015-09-04T13:22:37
STILVERS            		3.0-8
STILCLAS            		uk.ac.starlink.votable.FitsPlusTableWriter
DMU                 		EqInputCat
NAME                		TilingCat
VERSION             		v46
DATE                		2015-05-22
CONTACT             		Ivan Baldry <i.baldry@ljmu.ac.uk>
AREA                		180.0
DDP1_ZMIN           		0.0390699990093708
DDP1_ZMAX           		0.2483299970626831
DDP1_VZ             		6451530.309761721
DDP1_NGAL           		34732
DDP1_DENS           		0.005383528919866887
DDP2_ZMIN           		0.03914999961853027
DDP2_ZMAX           		0.1830800026655197
DDP2_VZ             		2679079.755786839
DDP2_NGAL           		26598
DDP2_DENS           		0.009928035902084681
DDP3_ZMIN           		0.03903000056743622
DDP3_ZMAX           		0.09973999857902527
DDP3_VZ             		432372.2344703938
DDP3_NGAL           		7954
DDP3_DENS           		0.01839618589233126
comments            		['Science targets and information for tiling and spectroscopic', 'observation.']
VOL8                		2144.660584850632
Writing /cosma5/data/durham/dc-wils7/GAMA4//gama_gold_ddp_n8.fits
[0 1 2 3]
Delta8 spans -1.0000 to 39.9747 over [0 1 2 3] tiers.

---- d0 ----
Writing /cosma5/data/durham/dc-wils7/GAMA4//gama_gold_ddp_n8_d0_0.fits.
Writing /cosma5/data/durham/dc-wils7/GAMA4//gama_gold_G15_ddp_n8_d0_0.fits.

---- d1 ----
Writing /cosma5/data/durham/dc-wils7/GAMA4//gama_gold_ddp_n8_d0_1.fits.
Writing /cosma5/data/durham/dc-wils7/GAMA4//gama_gold_G15_ddp_n8_d0_1.fits.

---- d2 ----
Writing /cosma5/data/durham/dc-wils7/GAMA4//gama_gold_ddp_n8_d0_2.fits.
Writing /cosma5/data/durham/dc-wils7/GAMA4//gama_gold_G15_ddp_n8_d0_2.fits.

---- d3 ----
Writing /cosma5/data/durham/dc-wils7/GAMA4//gama_gold_ddp_n8_d0_3.fits.
Writing /cosma5/data/durham/dc-wils7/GAMA4//gama_gold_G15_ddp_n8_d0_3.fits.


Done.


