CATAID       OBJID        ...     CARTESIAN_Y          CARTESIAN_Z    
                          ...                                         
------ ------------------ ... -------------------- -------------------
617931 588848900464247458 ...  -365.60263374960573  3.6418943513480104
202639 587725074451399228 ...   341.20653148328245  -1.713352242525322
497124 587729779055264125 ...  -260.81441124129924  -8.578238523442204
214274 587725075524682237 ...   446.44080813319033   4.656121459649625
 55765 587722982815301783 ...  -21.531022911062465 -1.5004823771589344
568529 588848899391291578 ...   -367.0752286487378  -5.650013389643659
610385 588848900449566847 ...   -1.594833206908535  4.0042371455607455
131287 587724649794175210 ...   -7.265080554609315 -25.772468940569127
 16268 588848901003084116 ...  -411.56706838253206   8.268805459345613
508317 587729971786678503 ...  -283.21207543979943 -12.587138663142985
   ...                ... ...                  ...                 ...
543482 588848898852782383 ...   -392.2773672755115 -13.064278042190208
  7032 588848900984340798 ...    55.55430603441645   8.906114375287698
105881 587722984439218350 ...  -200.64630774538267   5.940529400634498
585559 588848899914137750 ...  -21.576615407963235 -0.8508915775712312
878618 587729778517803552 ...  -120.73229064815708  -5.744840984031339
514235 588010357995274590 ...    327.1743064491907   24.30299860903312
 54957 587722982813859893 ... -0.16331851111627102 -1.6236390351841288
381815 587727944026948014 ...   409.84361078995187   18.60858685326429
 62487 587722982828278176 ...  -279.16077563508327   -3.46428183383076
 39237 587722982275154314 ...    45.78449880565754   -8.94175395030455
Length = 113687 rows
Solving for rest gmr.
0.000% complete after 0.00 mins.
10.000% complete after 0.06 mins.
20.000% complete after 0.12 mins.
30.000% complete after 0.18 mins.
40.000% complete after 0.23 mins.
50.000% complete after 0.29 mins.
60.000% complete after 0.35 mins.
70.000% complete after 0.41 mins.
80.000% complete after 0.46 mins.
90.000% complete after 0.52 mins.
 CATAID       OBJID        ...    Z_THETA_QALL      Z_THETA_QCOLOR  
                           ...                                      
------- ------------------ ... ------------------ ------------------
 617671 588848900463919349 ... 38.487569027137766  38.51247233201266
  31504 587722981740052626 ...  38.78129325618932  38.58206726422498
3879291 588010930832081443 ...  39.86283948935951  39.90649889327968
  17166 588848901004853569 ...    39.396288234537  39.43205114061153
 493731 587729778521342468 ...  38.88407625615753 38.913681764008174
  92051 587722983902740790 ...  38.98287561201994  38.76777963006441
   6954 588848900984209735 ...  38.75420972464519  38.55690425394016
 301080 587726032227533199 ...  38.91781596957929 38.947205574505396
 485211 587729777981129054 ...  38.99219185202947   38.7760263988339
 137478 587724650330063209 ...   38.3102270726473  38.33341507505485
    ...                ... ...                ...                ...
 196244 587725073914266008 ...   39.4377708916436  39.47442800150021
 266226 587726016158826704 ...  37.23481351574169  37.13339503546463
 419342 587728879260270865 ...  39.26788284052966   39.3016771392977
 486441 587729777983553839 ...  38.38967941353541 38.217052933075244
 381031 587727944025637492 ...  36.87483731260633  36.78855282416677
  62821 587722982828605648 ...  38.29884843338229  38.32186984080769
  99923 587722984426570223 ...  39.91531331353438   39.9591648083235
 505557 587729971251445947 ... 38.104619618630835  38.12593592343373
  85719 587722983889174766 ...  39.02888976939131  39.05975667543818
 388656 587727944566833526 ... 39.560302528045504  39.59848113586697
Length = 5000 rows
Writing /cosma5/data/durham/dc-wils7/GAMA4//gama_gold_kE_dryrun.fits.
