Reading: /global/cscratch1/sd/mjwilson/norberg/GAMA4//gama_gold_ddp.fits
Reading: /global/cscratch1/sd/mjwilson/norberg/GAMA4/randoms//randoms_bd_G12_0.fits
Creating big rand. tree.
Querying tree for closest rand.
Building tree for DDP 1
Querying tree for DDP 1
Building tree for DDP 2
Querying tree for DDP 2
Building tree for DDP 3
Querying tree for DDP 3
 CATAID       OBJID             RA          DEC      R_PETRO   ZGAMA  ...     BOUND_DIST          FILLFACTOR     DDP1_N8 DDP2_N8 DDP3_N8
                               deg          deg        mag            ...                                                               
------- ------------------ ------------ ----------- --------- ------- ... ------------------ ------------------- ------- ------- -------
 106885 587722984440922445 217.59924245  0.89826923 18.506506 0.13703 ...                0.0  0.4550836654033883      64      98       0
 367140 587726033876484603 219.61748086  2.90390906 19.463556 0.15755 ...                0.0 0.23313712366976858      10      21       0
 492248 587729778518524098 215.62192796 -1.36007307 19.415335 0.16094 ...                0.0  0.4839926687384396       3       7       0
 205169 587725074455855434 140.73058579 -0.38748208 18.619085 0.19711 ...                0.0  0.5091714780947746      22       0       0
3913894 588010931908444429 138.13882752 -0.86429928  19.41603 0.11647 ...                0.0  0.4728020868022907       0       1       0
3891184 588010930835226928 139.25505723 -1.58702423  18.51331 0.19434 ...                0.0  0.3926029162598903      16       0       0
 387425 587727944564801869 136.28898572  2.29820471 17.925085 0.13422 ...                0.0  0.2583159330261036      16      24       0
 106927 587722984440987915  217.8796538  0.92931103 18.207256 0.21849 ...                0.0  0.5082389296000955      52       0       0
3593274 587729150378443011 139.34966126 -1.84496622 16.313347 0.05477 ...                0.0  0.3413127490525412      25      55      97
 561799 588848899377922328 184.86038314 -0.48523399 19.193558  0.1848 ... 14.371259558989294  0.9950292438225723      34       1       0
 226996 587726014009049336  211.6285974   1.3586949  19.02509 0.25622 ...                0.0  0.4606789563714627       0       0       0
 376222 587727943489421675 132.50991204  1.44174248 18.706455 0.19095 ...                0.0  0.4830601202437605      10       0       0
  69725 587722983349026996  176.1946479    0.099315 18.486633 0.15659 ...  12.50796051902421   1.015545310705512      21      31       0
 145589 587724650869948627 185.31725531 -1.39344871 18.652792 0.15792 ...  8.115414380093311  1.0062198257587212      32      49       0
 347431 587726033303830638 137.80849702  2.19425189 19.503748  0.2278 ...                0.0  0.2946853243185875      26       0       0
 267367 587726016161054916 221.99196214  2.69252092   19.0621 0.17462 ...                0.0  0.3198641336749225      16      26       0
 485005 587729777980736149 213.57021068 -1.80572545 19.140999 0.10756 ...                0.0  0.4541511169087092       1       4       0
3583248 587729150375821450 133.24989318 -1.61816163 18.192585 0.10021 ...                0.0  0.3161339396962062      11      23      14
  77303 587722983365083359 212.89218486  0.06541557 19.340015   0.127 ...                0.0  0.5371479329351468      54      76       0
 585255 588848899913482664  181.8519225 -0.13870722 18.963148 0.25707 ... 28.750571512947943  0.9922315983385351       0       0       0
 610534 588848900449763614 180.45377735  0.36881117  18.43917 0.10538 ... 11.704754221210171   1.002489631780005      26      45       0
    ...                ...          ...         ...       ...     ... ...                ...                 ...     ...     ...     ...
 202973 587725074451988901 131.93689766 -0.22430517 19.277626 0.12729 ...                0.0  0.4728020868022907      12      29       0
 584021 588848899911712947 177.86874301 -0.00101459  19.11681 0.20466 ... 24.535883170080886  0.9623900465088047      11       0       0
 387510 587727944564932946 136.51661889  2.45489544 19.335638 0.25475 ...                0.0  0.2909551303398712       0       0       0
 619096 588848900466213045 218.04120789  0.34378953  18.85316 0.09294 ...                0.0  0.5054412841160583      15      21      58
 569886 588848899393716586 220.86807133 -0.52523275 19.281813  0.2034 ...                0.0 0.47373463529696974      30       0       0
 377556 587727943491846196 138.00619466  1.53265869   18.0914 0.22294 ...                0.0  0.5091714780947746      33       0       0
 584332 588848899912237338 178.93531343 -0.03717163 19.636768 0.25247 ... 30.478403292768164  0.9866363073704606       0       0       0
 610018 588848900448780474 178.28348185  0.36907905 17.144857 0.10737 ... 12.521442649108376  1.0267358926416608      55      80       0
 172484 587725040629973233 182.80647009 -2.31695938 18.567345 0.16119 ... 0.7888896479761145   0.551136160355333      29      33       0
 601214 588848900431544607 138.81843235  0.30905458 19.499388 0.26158 ...                0.0  0.5035761871267002       0       0       0
  93312 587722983905034541 219.93605648  0.62170751  19.44286 0.11641 ...                0.0  0.4989134446533048      12      18       0
 372238 587727942953533720 134.72659635  1.07315126 18.017147  0.1896 ...                0.0 0.48492521723311866      21       0       0
 227166 587726014009377098 212.36565241  1.26123492 19.737099 0.11503 ...                0.0 0.46347660185549994      23      22       0
 599734 588848900428792119 132.56024586  0.29546966 17.761381 0.18813 ...                0.0  0.4830601202437605      15       0       0
 691124 587722982277316661 180.77606038 -0.80849442 18.473738 0.11473 ...  9.267791696812791   1.002489631780005      30      31       0
  84357 587722983886356761 177.24883813  0.56413592 19.742838  0.1636 ... 16.252299021523037   0.991299049843856       5      12       0
 202709 587725074451530099 130.86520674 -0.34240602 18.204733 0.13992 ...                0.0 0.45321856841403013       2       2       0
 422484 587728879793340787 131.11830874  2.71520463 19.211588 0.09635 ...                0.0 0.30774100324409454       7       9      27
  64130 587722982830571881 218.34096985 -0.39209878  19.42111 0.10528 ...                0.0  0.5315526419670724      53      73       0
 592956 588848899927900466 214.78788108 -0.08279042 19.673954 0.19593 ...                0.0  0.4905205082011931      13       0       0
  16438 588848901003346211 218.61224395  0.68522629 19.128891 0.14552 ...                0.0  0.4625440533608209       1       1       0
Length = 113687 rows
EXTNAME             		TilingCat
TCOMM1              		GAMA ID
TUCD1               		meta.id;meta.main
TCOMM2              		SDSS objid
TUCD2               		meta.id
TCOMM3              		J2000 coordinate
TUCD3               		pos.eq.ra
TCOMM4              		J2000 coordinate
TUCD4               		pos.eq.dec
TCOMM5              		3-arcsec fiber magnitude
TUCD5               		phot.mag;em.opt.R
TCOMM6              		Extinction-corrected SDSS DR7 Petrosian mag
TUCD6               		phot.mag;em.opt.R
TCOMM7              		Extinction-corrected SDSS DR7 mag
TUCD7               		phot.mag;em.opt.U
TCOMM8              		Extinction-corrected SDSS DR7 mag
TUCD8               		phot.mag;em.opt.B
TCOMM9              		Extinction-corrected SDSS DR7 mag
TUCD9               		phot.mag;em.opt.R
TCOMM10             		Extinction-corrected SDSS DR7 mag
TUCD10              		phot.mag;em.opt.I
TCOMM11             		Extinction-corrected SDSS DR7 mag
TUCD11              		phot.mag;em.opt.I
TCOMM12             		Survey code for redshift source, see notes
TUCD12              		meta.code;meta.dataset
TCOMM13             		Spectroscopic redshift, -1 for none attempted
TUCD13              		src.redshift
TCOMM14             		Quality of redshift
TUCD14              		meta.code.qual;src.redshift
TCOMM15             		Tests of NQ=2 redshifts, see notes
TUCD15              		meta.code.qual;src.redshift
TCOMM16             		ID of spectrum from SpecAll table
TUCD16              		meta.id.cross;spect
TCOMM17             		Redshift uncertainty, c delta ln(1+z), see notes
TUCD17              		src.redshift;stat.error
TCOMM18             		Number of GAMA spectra within 1 arcsec
TUCD18              		meta.number;spect
TCOMM19             		SDSS Petro half-light surface brightness
TUCD19              		phot.mag.sb;em.opt.R
TCOMM20             		r_psf - r_model star-galaxy separation parameter
TUCD20              		src.class.starGalaxy
TCOMM21             		J - K - f_locus star-galaxy separation parameter
TUCD21              		src.class.starGalaxy
TCOMM22             		Extinction-corrected r-defined auto AB mag
TUCD22              		phot.mag;em.IR.K
TCOMM23             		Flux from FIRST-SDSS matching by John Ching
TUCD23              		phot.flux.density;em.radio
TCOMM24             		1 for match to H-ATLAS SDSS possible ID
TUCD24              		meta.code
TCOMM25             		1-deg strip, 2 for GAMA I regions
TUCD25              		meta.code
TCOMM26             		Bitwise target criteria, see notes
TUCD26              		meta.code
TCOMM27             		Useful for selecting samples, see notes
TUCD27              		meta.code.class
TCOMM28             		Useful for selecting samples, see notes
TUCD28              		meta.code.class
TCOMM29             		Priorities for targeting, see notes
TUCD29              		meta.code.class
TCOMM30             		Number of survey_class>=3 targets within 40 arcsec
TUCD30              		meta.code.class
TCOMM31             		CATAID of object in TilingCatv11, see notes
TUCD31              		meta.code.cross
TCOMM32             		Mask value 0.0 to 1.0 around V<10 stars
TUCD32              		meta.code
TCOMM33             		Mask value 0.0 to 1.0 around V<12 stars
TUCD33              		meta.code
TCOMM34             		Visual classification, see notes
TUCD34              		mata.code.qual
TCOMM35             		Initials of classifiers, xxx for none
TUCD35              		meta.id
DATE-HDU            		2015-09-04T13:22:37
STILVERS            		3.0-8
STILCLAS            		uk.ac.starlink.votable.FitsPlusTableWriter
DMU                 		EqInputCat
NAME                		TilingCat
VERSION             		v46
DATE                		2015-05-22
CONTACT             		Ivan Baldry <i.baldry@ljmu.ac.uk>
AREA                		180.0
DDP1_ZMIN           		0.0390699990093708
DDP1_ZMAX           		0.2483299970626831
DDP1_VZ             		6451530.309761727
DDP1_NGAL           		34732
DDP1_DENS           		0.005383528919866882
DDP2_ZMIN           		0.03914999961853027
DDP2_ZMAX           		0.1830800026655197
DDP2_VZ             		2679079.755786841
DDP2_NGAL           		26598
DDP2_DENS           		0.009928035902084674
DDP3_ZMIN           		0.03903000056743622
DDP3_ZMAX           		0.09973999857902527
DDP3_VZ             		432372.2344703941
DDP3_NGAL           		7954
DDP3_DENS           		0.01839618589233124
comments            		['Science targets and information for tiling and spectroscopic', 'observation.']
VOL8                		2144.660584850632
Writing /global/cscratch1/sd/mjwilson/norberg/GAMA4//gama_gold_ddp_n8.fits
[0 1 2 3]
[0 1 2 3]
Delta8 spans -1.0 to 39.974654093540586 over [0 1 2 3] tiers.

---- d0 ----
Writing /global/cscratch1/sd/mjwilson/norberg/GAMA4//gama_gold_ddp_n8_d0_0.fits.
Writing /global/cscratch1/sd/mjwilson/norberg/GAMA4//gama_gold_G12_ddp_n8_d0_0.fits.

---- d1 ----
Writing /global/cscratch1/sd/mjwilson/norberg/GAMA4//gama_gold_ddp_n8_d0_1.fits.
Writing /global/cscratch1/sd/mjwilson/norberg/GAMA4//gama_gold_G12_ddp_n8_d0_1.fits.

---- d2 ----
Writing /global/cscratch1/sd/mjwilson/norberg/GAMA4//gama_gold_ddp_n8_d0_2.fits.
Writing /global/cscratch1/sd/mjwilson/norberg/GAMA4//gama_gold_G12_ddp_n8_d0_2.fits.

---- d3 ----
Writing /global/cscratch1/sd/mjwilson/norberg/GAMA4//gama_gold_ddp_n8_d0_3.fits.
Writing /global/cscratch1/sd/mjwilson/norberg/GAMA4//gama_gold_G12_ddp_n8_d0_3.fits.


Done.


